0 verbose cli /usr/local/bin/node /usr/local/bin/npm
1 info using npm@10.9.0
2 info using node@v22.11.0
3 silly config load:file:/usr/local/lib/node_modules/npm/npmrc
4 silly config load:file:/Users/okwor/Documents/Csv Viewer/.npmrc
5 silly config load:file:/Users/okwor/.npmrc
6 silly config load:file:/usr/local/etc/npmrc
7 verbose title npm install
8 verbose argv "install" "--cache" "./npm-cache" "--force"
9 verbose logfile logs-max:10 dir:/Users/okwor/Documents/Csv Viewer/npm-cache/_logs/2025-11-29T16_30_30_274Z-
10 verbose logfile /Users/okwor/Documents/Csv Viewer/npm-cache/_logs/2025-11-29T16_30_30_274Z-debug-0.log
11 warn using --force Recommended protections disabled.
12 silly logfile done cleaning log files
13 silly packumentCache heap:2197815296 maxSize:549453824 maxEntrySize:274726912
14 silly idealTree buildDeps
15 silly fetch manifest next@^14.0.4
16 silly packumentCache full:https://registry.npmjs.org/next cache-miss
17 http fetch GET 200 https://registry.npmjs.org/npm 129ms
18 http fetch GET 200 https://registry.npmjs.org/next 313ms (cache miss)
19 silly packumentCache full:https://registry.npmjs.org/next set size:undefined disposed:false
20 silly fetch manifest @opentelemetry/api@^1.1.0
21 silly packumentCache full:https://registry.npmjs.org/@opentelemetry%2fapi cache-miss
22 http fetch GET 200 https://registry.npmjs.org/@opentelemetry%2fapi 49ms (cache miss)
23 silly packumentCache full:https://registry.npmjs.org/@opentelemetry%2fapi set size:undefined disposed:false
24 silly fetch manifest @playwright/test@^1.41.2
25 silly packumentCache full:https://registry.npmjs.org/@playwright%2ftest cache-miss
26 http fetch GET 200 https://registry.npmjs.org/@playwright%2ftest 151ms (cache miss)
27 silly packumentCache full:https://registry.npmjs.org/@playwright%2ftest set size:undefined disposed:false
28 silly fetch manifest react@^18.2.0
29 silly packumentCache full:https://registry.npmjs.org/react cache-miss
30 http fetch GET 200 https://registry.npmjs.org/react 449ms (cache miss)
31 silly packumentCache full:https://registry.npmjs.org/react set size:undefined disposed:false
32 silly fetch manifest react-dom@^18.2.0
33 silly packumentCache full:https://registry.npmjs.org/react-dom cache-miss
34 http fetch GET 200 https://registry.npmjs.org/react-dom 128ms (cache miss)
35 silly packumentCache full:https://registry.npmjs.org/react-dom set size:undefined disposed:false
36 silly fetch manifest sass@^1.3.0
37 silly packumentCache full:https://registry.npmjs.org/sass cache-miss
38 http fetch GET 200 https://registry.npmjs.org/sass 267ms (cache miss)
39 silly packumentCache full:https://registry.npmjs.org/sass set size:undefined disposed:false
40 silly fetch manifest framer-motion@^10.16.16
41 silly packumentCache full:https://registry.npmjs.org/framer-motion cache-miss
42 http fetch GET 200 https://registry.npmjs.org/framer-motion 136ms (cache miss)
43 silly packumentCache full:https://registry.npmjs.org/framer-motion set size:undefined disposed:false
44 silly fetch manifest @emailjs/browser@^3.11.0
45 silly packumentCache full:https://registry.npmjs.org/@emailjs%2fbrowser cache-miss
46 http fetch GET 200 https://registry.npmjs.org/@emailjs%2fbrowser 75ms (cache miss)
47 silly packumentCache full:https://registry.npmjs.org/@emailjs%2fbrowser set size:undefined disposed:false
48 silly fetch manifest react-icons@^4.12.0
49 silly packumentCache full:https://registry.npmjs.org/react-icons cache-miss
50 http fetch GET 200 https://registry.npmjs.org/react-icons 36ms (cache miss)
51 silly packumentCache full:https://registry.npmjs.org/react-icons set size:undefined disposed:false
52 silly fetch manifest @types/node@^20.10.6
53 silly packumentCache full:https://registry.npmjs.org/@types%2fnode cache-miss
54 http fetch GET 200 https://registry.npmjs.org/@types%2fnode 123ms (cache miss)
55 silly packumentCache full:https://registry.npmjs.org/@types%2fnode set size:undefined disposed:false
56 silly fetch manifest @types/react@^18.2.46
57 silly packumentCache full:https://registry.npmjs.org/@types%2freact cache-miss
58 http fetch GET 200 https://registry.npmjs.org/@types%2freact 66ms (cache miss)
59 silly packumentCache full:https://registry.npmjs.org/@types%2freact set size:undefined disposed:false
60 silly fetch manifest @types/react-dom@^18.2.18
61 silly packumentCache full:https://registry.npmjs.org/@types%2freact-dom cache-miss
62 http fetch GET 200 https://registry.npmjs.org/@types%2freact-dom 47ms (cache miss)
63 silly packumentCache full:https://registry.npmjs.org/@types%2freact-dom set size:undefined disposed:false
64 silly fetch manifest autoprefixer@^10.4.16
65 silly packumentCache full:https://registry.npmjs.org/autoprefixer cache-miss
66 http fetch GET 200 https://registry.npmjs.org/autoprefixer 54ms (cache miss)
67 silly packumentCache full:https://registry.npmjs.org/autoprefixer set size:undefined disposed:false
68 silly fetch manifest postcss@^8.4.32
69 silly packumentCache full:https://registry.npmjs.org/postcss cache-miss
70 http fetch GET 200 https://registry.npmjs.org/postcss 34ms (cache miss)
71 silly packumentCache full:https://registry.npmjs.org/postcss set size:undefined disposed:false
72 silly fetch manifest tailwindcss@^3.4.0
73 silly packumentCache full:https://registry.npmjs.org/tailwindcss cache-miss
74 http fetch GET 200 https://registry.npmjs.org/tailwindcss 158ms (cache miss)
75 silly packumentCache full:https://registry.npmjs.org/tailwindcss set size:undefined disposed:false
76 silly fetch manifest typescript@^5.3.3
77 silly packumentCache full:https://registry.npmjs.org/typescript cache-miss
78 http fetch GET 200 https://registry.npmjs.org/typescript 161ms (cache miss)
79 silly packumentCache full:https://registry.npmjs.org/typescript set size:undefined disposed:false
80 silly placeDep ROOT @emailjs/browser@3.12.1 OK for: okwor-portfolio@1.0.0 want: ^3.11.0
81 silly placeDep ROOT @types/node@20.19.25 OK for: okwor-portfolio@1.0.0 want: ^20.10.6
82 silly placeDep ROOT @types/react@18.3.27 OK for: okwor-portfolio@1.0.0 want: ^18.2.46
83 silly placeDep ROOT @types/react-dom@18.3.7 OK for: okwor-portfolio@1.0.0 want: ^18.2.18
84 silly placeDep ROOT autoprefixer@10.4.22 OK for: okwor-portfolio@1.0.0 want: ^10.4.16
85 silly placeDep ROOT postcss@8.5.6 OK for: autoprefixer@10.4.22 want: ^8.1.0
86 silly placeDep ROOT framer-motion@10.18.0 OK for: okwor-portfolio@1.0.0 want: ^10.16.16
87 silly placeDep ROOT next@14.2.33 OK for: okwor-portfolio@1.0.0 want: ^14.0.4
88 silly placeDep ROOT react@18.3.1 OK for: next@14.2.33 want: ^18.2.0
89 silly placeDep ROOT react-dom@18.3.1 OK for: next@14.2.33 want: ^18.2.0
90 silly placeDep ROOT react-icons@4.12.0 OK for: okwor-portfolio@1.0.0 want: ^4.12.0
91 silly placeDep ROOT tailwindcss@3.4.18 OK for: okwor-portfolio@1.0.0 want: ^3.4.0
92 silly placeDep ROOT typescript@5.9.3 OK for: okwor-portfolio@1.0.0 want: ^5.3.3
93 silly fetch manifest undici-types@~6.21.0
94 silly packumentCache full:https://registry.npmjs.org/undici-types cache-miss
95 silly fetch manifest csstype@^3.2.2
96 silly packumentCache full:https://registry.npmjs.org/csstype cache-miss
97 silly fetch manifest @types/prop-types@*
98 silly packumentCache full:https://registry.npmjs.org/@types%2fprop-types cache-miss
99 silly fetch manifest browserslist@^4.27.0
100 silly packumentCache full:https://registry.npmjs.org/browserslist cache-miss
101 silly fetch manifest caniuse-lite@^1.0.30001754
102 silly packumentCache full:https://registry.npmjs.org/caniuse-lite cache-miss
103 silly fetch manifest fraction.js@^5.3.4
104 silly packumentCache full:https://registry.npmjs.org/fraction.js cache-miss
105 silly fetch manifest normalize-range@^0.1.2
106 silly packumentCache full:https://registry.npmjs.org/normalize-range cache-miss
107 http fetch GET 200 https://registry.npmjs.org/undici-types 34ms (cache miss)
108 silly packumentCache full:https://registry.npmjs.org/undici-types set size:undefined disposed:false
109 silly fetch manifest picocolors@^1.1.1
110 silly packumentCache full:https://registry.npmjs.org/picocolors cache-miss
111 http fetch GET 200 https://registry.npmjs.org/csstype 36ms (cache miss)
112 silly packumentCache full:https://registry.npmjs.org/csstype set size:undefined disposed:false
113 silly fetch manifest postcss-value-parser@^4.2.0
114 silly packumentCache full:https://registry.npmjs.org/postcss-value-parser cache-miss
115 http fetch GET 200 https://registry.npmjs.org/picocolors 24ms (cache miss)
116 silly packumentCache full:https://registry.npmjs.org/picocolors set size:undefined disposed:false
117 silly fetch manifest nanoid@^3.3.11
118 silly packumentCache full:https://registry.npmjs.org/nanoid cache-miss
119 http fetch GET 200 https://registry.npmjs.org/fraction.js 61ms (cache miss)
120 silly packumentCache full:https://registry.npmjs.org/fraction.js set size:undefined disposed:false
121 silly fetch manifest source-map-js@^1.2.1
122 silly packumentCache full:https://registry.npmjs.org/source-map-js cache-miss
123 http fetch GET 200 https://registry.npmjs.org/normalize-range 71ms (cache miss)
124 silly packumentCache full:https://registry.npmjs.org/normalize-range set size:undefined disposed:false
125 silly fetch manifest tslib@^2.4.0
126 silly packumentCache full:https://registry.npmjs.org/tslib cache-miss
127 http fetch GET 200 https://registry.npmjs.org/browserslist 73ms (cache miss)
128 silly packumentCache full:https://registry.npmjs.org/browserslist set size:undefined disposed:false
129 silly fetch manifest @emotion/is-prop-valid@^0.8.2
130 silly packumentCache full:https://registry.npmjs.org/@emotion%2fis-prop-valid cache-miss
131 http fetch GET 200 https://registry.npmjs.org/@types%2fprop-types 77ms (cache miss)
132 silly packumentCache full:https://registry.npmjs.org/@types%2fprop-types set size:undefined disposed:false
133 silly fetch manifest busboy@1.6.0
134 silly packumentCache full:https://registry.npmjs.org/busboy cache-miss
135 http fetch GET 200 https://registry.npmjs.org/postcss-value-parser 40ms (cache miss)
136 silly packumentCache full:https://registry.npmjs.org/postcss-value-parser set size:undefined disposed:false
137 silly fetch manifest postcss@8.4.31
138 silly packumentCache full:https://registry.npmjs.org/postcss cache-miss
139 http fetch GET 200 https://registry.npmjs.org/postcss 3ms (cache hit)
140 silly packumentCache full:https://registry.npmjs.org/postcss set size:696248 disposed:false
141 silly fetch manifest @next/env@14.2.33
142 silly packumentCache full:https://registry.npmjs.org/@next%2fenv cache-miss
143 http fetch GET 200 https://registry.npmjs.org/source-map-js 27ms (cache miss)
144 silly packumentCache full:https://registry.npmjs.org/source-map-js set size:undefined disposed:false
145 silly fetch manifest styled-jsx@5.1.1
146 silly packumentCache full:https://registry.npmjs.org/styled-jsx cache-miss
147 http fetch GET 200 https://registry.npmjs.org/nanoid 35ms (cache miss)
148 silly packumentCache full:https://registry.npmjs.org/nanoid set size:undefined disposed:false
149 silly fetch manifest graceful-fs@^4.2.11
150 silly packumentCache full:https://registry.npmjs.org/graceful-fs cache-miss
151 http fetch GET 200 https://registry.npmjs.org/tslib 40ms (cache miss)
152 silly packumentCache full:https://registry.npmjs.org/tslib set size:undefined disposed:false
153 silly fetch manifest @swc/helpers@0.5.5
154 silly packumentCache full:https://registry.npmjs.org/@swc%2fhelpers cache-miss
155 http fetch GET 200 https://registry.npmjs.org/busboy 37ms (cache miss)
156 silly packumentCache full:https://registry.npmjs.org/busboy set size:undefined disposed:false
157 silly fetch manifest caniuse-lite@^1.0.30001579
158 silly packumentCache full:https://registry.npmjs.org/caniuse-lite cache-miss
159 http fetch GET 200 https://registry.npmjs.org/@emotion%2fis-prop-valid 57ms (cache miss)
160 silly packumentCache full:https://registry.npmjs.org/@emotion%2fis-prop-valid set size:undefined disposed:false
161 silly fetch manifest @next/swc-darwin-x64@14.2.33
162 silly packumentCache full:https://registry.npmjs.org/@next%2fswc-darwin-x64 cache-miss
163 http fetch GET 200 https://registry.npmjs.org/styled-jsx 49ms (cache miss)
164 silly packumentCache full:https://registry.npmjs.org/styled-jsx set size:undefined disposed:false
165 silly fetch manifest @next/swc-darwin-arm64@14.2.33
166 silly packumentCache full:https://registry.npmjs.org/@next%2fswc-darwin-arm64 cache-miss
167 http fetch GET 200 https://registry.npmjs.org/caniuse-lite 152ms (cache miss)
168 silly packumentCache full:https://registry.npmjs.org/caniuse-lite set size:undefined disposed:false
169 silly fetch manifest @next/swc-linux-x64-gnu@14.2.33
170 silly packumentCache full:https://registry.npmjs.org/@next%2fswc-linux-x64-gnu cache-miss
171 http fetch GET 200 https://registry.npmjs.org/graceful-fs 63ms (cache miss)
172 silly packumentCache full:https://registry.npmjs.org/graceful-fs set size:undefined disposed:false
173 silly fetch manifest @next/swc-linux-x64-musl@14.2.33
174 silly packumentCache full:https://registry.npmjs.org/@next%2fswc-linux-x64-musl cache-miss
175 http fetch GET 200 https://registry.npmjs.org/@next%2fswc-darwin-arm64 194ms (cache miss)
176 silly packumentCache full:https://registry.npmjs.org/@next%2fswc-darwin-arm64 set size:undefined disposed:false
177 silly fetch manifest @next/swc-win32-x64-msvc@14.2.33
178 silly packumentCache full:https://registry.npmjs.org/@next%2fswc-win32-x64-msvc cache-miss
179 http fetch GET 200 https://registry.npmjs.org/@next%2fswc-darwin-x64 253ms (cache miss)
180 silly packumentCache full:https://registry.npmjs.org/@next%2fswc-darwin-x64 set size:undefined disposed:false
181 silly fetch manifest @next/swc-linux-arm64-gnu@14.2.33
182 silly packumentCache full:https://registry.npmjs.org/@next%2fswc-linux-arm64-gnu cache-miss
183 http fetch GET 200 https://registry.npmjs.org/@next%2fswc-linux-x64-musl 238ms (cache miss)
184 silly packumentCache full:https://registry.npmjs.org/@next%2fswc-linux-x64-musl set size:undefined disposed:false
185 silly fetch manifest @next/swc-win32-ia32-msvc@14.2.33
186 silly packumentCache full:https://registry.npmjs.org/@next%2fswc-win32-ia32-msvc cache-miss
187 http fetch GET 200 https://registry.npmjs.org/caniuse-lite 308ms (cache miss)
188 silly packumentCache full:https://registry.npmjs.org/caniuse-lite set size:undefined disposed:false
189 silly fetch manifest @next/swc-linux-arm64-musl@14.2.33
190 silly packumentCache full:https://registry.npmjs.org/@next%2fswc-linux-arm64-musl cache-miss
191 http fetch GET 200 https://registry.npmjs.org/@swc%2fhelpers 380ms (cache miss)
192 silly packumentCache full:https://registry.npmjs.org/@swc%2fhelpers set size:undefined disposed:false
193 silly fetch manifest @next/swc-win32-arm64-msvc@14.2.33
194 silly packumentCache full:https://registry.npmjs.org/@next%2fswc-win32-arm64-msvc cache-miss
195 http fetch GET 200 https://registry.npmjs.org/@next%2fswc-win32-x64-msvc 147ms (cache miss)
196 silly packumentCache full:https://registry.npmjs.org/@next%2fswc-win32-x64-msvc set size:undefined disposed:false
197 silly fetch manifest scheduler@^0.23.2
198 silly packumentCache full:https://registry.npmjs.org/scheduler cache-miss
199 http fetch GET 200 https://registry.npmjs.org/@next%2fenv 450ms (cache miss)
200 silly packumentCache full:https://registry.npmjs.org/@next%2fenv set size:undefined disposed:false
201 silly fetch manifest loose-envify@^1.1.0
202 silly packumentCache full:https://registry.npmjs.org/loose-envify cache-miss
203 http fetch GET 200 https://registry.npmjs.org/@next%2fswc-win32-ia32-msvc 153ms (cache miss)
204 silly packumentCache full:https://registry.npmjs.org/@next%2fswc-win32-ia32-msvc set size:undefined disposed:false
205 silly fetch manifest loose-envify@^1.1.0
206 silly packumentCache full:https://registry.npmjs.org/loose-envify cache-miss
207 http fetch GET 200 https://registry.npmjs.org/loose-envify 39ms (cache miss)
208 silly packumentCache full:https://registry.npmjs.org/loose-envify set size:undefined disposed:false
209 silly fetch manifest arg@^5.0.2
210 silly packumentCache full:https://registry.npmjs.org/arg cache-miss
211 http fetch GET 200 https://registry.npmjs.org/@next%2fswc-linux-x64-gnu 450ms (cache miss)
212 silly packumentCache full:https://registry.npmjs.org/@next%2fswc-linux-x64-gnu set size:undefined disposed:false
213 silly fetch manifest dlv@^1.1.3
214 silly packumentCache full:https://registry.npmjs.org/dlv cache-miss
215 http fetch GET 200 https://registry.npmjs.org/loose-envify 51ms (cache miss)
216 silly packumentCache full:https://registry.npmjs.org/loose-envify set size:undefined disposed:false
217 silly fetch manifest jiti@^1.21.7
218 silly packumentCache full:https://registry.npmjs.org/jiti cache-miss
219 http fetch GET 200 https://registry.npmjs.org/arg 33ms (cache miss)
220 silly packumentCache full:https://registry.npmjs.org/arg set size:undefined disposed:false
221 silly fetch manifest is-glob@^4.0.3
222 silly packumentCache full:https://registry.npmjs.org/is-glob cache-miss
223 http fetch GET 200 https://registry.npmjs.org/jiti 43ms (cache miss)
224 silly packumentCache full:https://registry.npmjs.org/jiti set size:undefined disposed:false
225 silly fetch manifest resolve@^1.22.8
226 silly packumentCache full:https://registry.npmjs.org/resolve cache-miss
227 http fetch GET 200 https://registry.npmjs.org/dlv 50ms (cache miss)
228 silly packumentCache full:https://registry.npmjs.org/dlv set size:undefined disposed:false
229 silly fetch manifest sucrase@^3.35.0
230 silly packumentCache full:https://registry.npmjs.org/sucrase cache-miss
231 http fetch GET 200 https://registry.npmjs.org/is-glob 47ms (cache miss)
232 silly packumentCache full:https://registry.npmjs.org/is-glob set size:undefined disposed:false
233 silly fetch manifest chokidar@^3.6.0
234 silly packumentCache full:https://registry.npmjs.org/chokidar cache-miss
235 http fetch GET 200 https://registry.npmjs.org/@next%2fswc-win32-arm64-msvc 181ms (cache miss)
236 silly packumentCache full:https://registry.npmjs.org/@next%2fswc-win32-arm64-msvc set size:undefined disposed:false
237 silly fetch manifest fast-glob@^3.3.2
238 silly packumentCache full:https://registry.npmjs.org/fast-glob cache-miss
239 http fetch GET 200 https://registry.npmjs.org/scheduler 184ms (cache miss)
240 silly packumentCache full:https://registry.npmjs.org/scheduler set size:undefined disposed:false
241 silly fetch manifest lilconfig@^3.1.3
242 silly packumentCache full:https://registry.npmjs.org/lilconfig cache-miss
243 http fetch GET 200 https://registry.npmjs.org/@next%2fswc-linux-arm64-musl 291ms (cache miss)
244 silly packumentCache full:https://registry.npmjs.org/@next%2fswc-linux-arm64-musl set size:undefined disposed:false
245 silly fetch manifest didyoumean@^1.2.2
246 silly packumentCache full:https://registry.npmjs.org/didyoumean cache-miss
247 http fetch GET 200 https://registry.npmjs.org/resolve 73ms (cache miss)
248 silly packumentCache full:https://registry.npmjs.org/resolve set size:undefined disposed:false
249 silly fetch manifest micromatch@^4.0.8
250 silly packumentCache full:https://registry.npmjs.org/micromatch cache-miss
251 http fetch GET 200 https://registry.npmjs.org/chokidar 68ms (cache miss)
252 silly packumentCache full:https://registry.npmjs.org/chokidar set size:undefined disposed:false
253 silly fetch manifest postcss-js@^4.0.1
254 silly packumentCache full:https://registry.npmjs.org/postcss-js cache-miss
255 http fetch GET 200 https://registry.npmjs.org/fast-glob 59ms (cache miss)
256 silly packumentCache full:https://registry.npmjs.org/fast-glob set size:undefined disposed:false
257 silly fetch manifest glob-parent@^6.0.2
258 silly packumentCache full:https://registry.npmjs.org/glob-parent cache-miss
259 http fetch GET 200 https://registry.npmjs.org/sucrase 79ms (cache miss)
260 silly packumentCache full:https://registry.npmjs.org/sucrase set size:undefined disposed:false
261 silly fetch manifest object-hash@^3.0.0
262 silly packumentCache full:https://registry.npmjs.org/object-hash cache-miss
263 http fetch GET 200 https://registry.npmjs.org/lilconfig 39ms (cache miss)
264 silly packumentCache full:https://registry.npmjs.org/lilconfig set size:undefined disposed:false
265 silly fetch manifest normalize-path@^3.0.0
266 silly packumentCache full:https://registry.npmjs.org/normalize-path cache-miss
267 http fetch GET 200 https://registry.npmjs.org/@next%2fswc-linux-arm64-gnu 355ms (cache miss)
268 silly packumentCache full:https://registry.npmjs.org/@next%2fswc-linux-arm64-gnu set size:undefined disposed:false
269 silly fetch manifest postcss-import@^15.1.0
270 silly packumentCache full:https://registry.npmjs.org/postcss-import cache-miss
271 http fetch GET 200 https://registry.npmjs.org/didyoumean 35ms (cache miss)
272 silly packumentCache full:https://registry.npmjs.org/didyoumean set size:undefined disposed:false
273 silly fetch manifest postcss-nested@^6.2.0
274 silly packumentCache full:https://registry.npmjs.org/postcss-nested cache-miss
275 http fetch GET 200 https://registry.npmjs.org/postcss-js 31ms (cache miss)
276 silly packumentCache full:https://registry.npmjs.org/postcss-js set size:undefined disposed:false
277 silly fetch manifest @alloc/quick-lru@^5.2.0
278 silly packumentCache full:https://registry.npmjs.org/@alloc%2fquick-lru cache-miss
279 http fetch GET 200 https://registry.npmjs.org/glob-parent 31ms (cache miss)
280 silly packumentCache full:https://registry.npmjs.org/glob-parent set size:undefined disposed:false
281 silly fetch manifest postcss-load-config@^4.0.2 || ^5.0 || ^6.0
282 silly packumentCache full:https://registry.npmjs.org/postcss-load-config cache-miss
283 http fetch GET 200 https://registry.npmjs.org/normalize-path 35ms (cache miss)
284 silly packumentCache full:https://registry.npmjs.org/normalize-path set size:undefined disposed:false
285 silly fetch manifest postcss-selector-parser@^6.1.2
286 silly packumentCache full:https://registry.npmjs.org/postcss-selector-parser cache-miss
287 http fetch GET 200 https://registry.npmjs.org/postcss-import 30ms (cache miss)
288 silly packumentCache full:https://registry.npmjs.org/postcss-import set size:undefined disposed:false
289 http fetch GET 200 https://registry.npmjs.org/postcss-nested 32ms (cache miss)
290 silly packumentCache full:https://registry.npmjs.org/postcss-nested set size:undefined disposed:false
291 http fetch GET 200 https://registry.npmjs.org/postcss-load-config 32ms (cache miss)
292 silly packumentCache full:https://registry.npmjs.org/postcss-load-config set size:undefined disposed:false
293 http fetch GET 200 https://registry.npmjs.org/object-hash 60ms (cache miss)
294 silly packumentCache full:https://registry.npmjs.org/object-hash set size:undefined disposed:false
295 http fetch GET 200 https://registry.npmjs.org/@alloc%2fquick-lru 41ms (cache miss)
296 silly packumentCache full:https://registry.npmjs.org/@alloc%2fquick-lru set size:undefined disposed:false
297 http fetch GET 200 https://registry.npmjs.org/postcss-selector-parser 32ms (cache miss)
298 silly packumentCache full:https://registry.npmjs.org/postcss-selector-parser set size:undefined disposed:false
299 http fetch GET 200 https://registry.npmjs.org/micromatch 647ms (cache miss)
300 silly packumentCache full:https://registry.npmjs.org/micromatch set size:undefined disposed:false
301 silly placeDep ROOT undici-types@6.21.0 OK for: @types/node@20.19.25 want: ~6.21.0
302 silly placeDep ROOT @types/prop-types@15.7.15 OK for: @types/react@18.3.27 want: *
303 silly placeDep ROOT csstype@3.2.3 OK for: @types/react@18.3.27 want: ^3.2.2
304 silly placeDep ROOT browserslist@4.28.0 OK for: autoprefixer@10.4.22 want: ^4.27.0
305 silly placeDep ROOT caniuse-lite@1.0.30001757 OK for: autoprefixer@10.4.22 want: ^1.0.30001754
306 silly placeDep ROOT fraction.js@5.3.4 OK for: autoprefixer@10.4.22 want: ^5.3.4
307 silly placeDep ROOT normalize-range@0.1.2 OK for: autoprefixer@10.4.22 want: ^0.1.2
308 silly placeDep ROOT picocolors@1.1.1 OK for: autoprefixer@10.4.22 want: ^1.1.1
309 silly placeDep ROOT postcss-value-parser@4.2.0 OK for: autoprefixer@10.4.22 want: ^4.2.0
310 silly fetch manifest baseline-browser-mapping@^2.8.25
311 silly packumentCache full:https://registry.npmjs.org/baseline-browser-mapping cache-miss
312 silly fetch manifest electron-to-chromium@^1.5.249
313 silly packumentCache full:https://registry.npmjs.org/electron-to-chromium cache-miss
314 silly fetch manifest node-releases@^2.0.27
315 silly packumentCache full:https://registry.npmjs.org/node-releases cache-miss
316 silly fetch manifest update-browserslist-db@^1.1.4
317 silly packumentCache full:https://registry.npmjs.org/update-browserslist-db cache-miss
318 http fetch GET 200 https://registry.npmjs.org/baseline-browser-mapping 58ms (cache miss)
319 silly packumentCache full:https://registry.npmjs.org/baseline-browser-mapping set size:undefined disposed:false
320 http fetch GET 200 https://registry.npmjs.org/update-browserslist-db 62ms (cache miss)
321 silly packumentCache full:https://registry.npmjs.org/update-browserslist-db set size:undefined disposed:false
322 http fetch GET 200 https://registry.npmjs.org/node-releases 64ms (cache miss)
323 silly packumentCache full:https://registry.npmjs.org/node-releases set size:undefined disposed:false
324 http fetch GET 200 https://registry.npmjs.org/electron-to-chromium 241ms (cache miss)
325 silly packumentCache full:https://registry.npmjs.org/electron-to-chromium set size:undefined disposed:false
326 silly fetch manifest browserslist@>= 4.21.0
327 silly packumentCache full:https://registry.npmjs.org/browserslist cache-miss
328 http fetch GET 200 https://registry.npmjs.org/browserslist 2ms (cache hit)
329 silly packumentCache full:https://registry.npmjs.org/browserslist set size:500962 disposed:false
330 silly placeDep ROOT baseline-browser-mapping@2.8.32 OK for: browserslist@4.28.0 want: ^2.8.25
331 silly placeDep ROOT electron-to-chromium@1.5.262 OK for: browserslist@4.28.0 want: ^1.5.249
332 silly placeDep ROOT node-releases@2.0.27 OK for: browserslist@4.28.0 want: ^2.0.27
333 silly placeDep ROOT update-browserslist-db@1.1.4 OK for: browserslist@4.28.0 want: ^1.1.4
334 silly fetch manifest escalade@^3.2.0
335 silly packumentCache full:https://registry.npmjs.org/escalade cache-miss
336 http fetch GET 200 https://registry.npmjs.org/escalade 29ms (cache miss)
337 silly packumentCache full:https://registry.npmjs.org/escalade set size:undefined disposed:false
338 silly placeDep ROOT @emotion/is-prop-valid@0.8.8 OK for: framer-motion@10.18.0 want: ^0.8.2
339 silly placeDep ROOT tslib@2.8.1 OK for: framer-motion@10.18.0 want: ^2.4.0
340 silly fetch manifest @emotion/memoize@0.7.4
341 silly packumentCache full:https://registry.npmjs.org/@emotion%2fmemoize cache-miss
342 http fetch GET 200 https://registry.npmjs.org/@emotion%2fmemoize 48ms (cache miss)
343 silly packumentCache full:https://registry.npmjs.org/@emotion%2fmemoize set size:undefined disposed:false
344 silly placeDep ROOT @emotion/memoize@0.7.4 OK for: @emotion/is-prop-valid@0.8.8 want: 0.7.4
345 silly placeDep ROOT @next/env@14.2.33 OK for: next@14.2.33 want: 14.2.33
346 silly placeDep ROOT @next/swc-darwin-arm64@14.2.33 OK for: next@14.2.33 want: 14.2.33
347 silly placeDep ROOT @next/swc-darwin-x64@14.2.33 OK for: next@14.2.33 want: 14.2.33
348 silly placeDep ROOT @next/swc-linux-arm64-gnu@14.2.33 OK for: next@14.2.33 want: 14.2.33
349 silly placeDep ROOT @next/swc-linux-arm64-musl@14.2.33 OK for: next@14.2.33 want: 14.2.33
350 silly placeDep ROOT @next/swc-linux-x64-gnu@14.2.33 OK for: next@14.2.33 want: 14.2.33
351 silly placeDep ROOT @next/swc-linux-x64-musl@14.2.33 OK for: next@14.2.33 want: 14.2.33
352 silly placeDep ROOT @next/swc-win32-arm64-msvc@14.2.33 OK for: next@14.2.33 want: 14.2.33
353 silly placeDep ROOT @next/swc-win32-ia32-msvc@14.2.33 OK for: next@14.2.33 want: 14.2.33
354 silly placeDep ROOT @next/swc-win32-x64-msvc@14.2.33 OK for: next@14.2.33 want: 14.2.33
355 silly placeDep ROOT @swc/helpers@0.5.5 OK for: next@14.2.33 want: 0.5.5
356 silly placeDep ROOT busboy@1.6.0 OK for: next@14.2.33 want: 1.6.0
357 silly placeDep ROOT graceful-fs@4.2.11 OK for: next@14.2.33 want: ^4.2.11
358 silly placeDep node_modules/next postcss@8.4.31 OK for: next@14.2.33 want: 8.4.31
359 silly placeDep ROOT styled-jsx@5.1.1 OK for: next@14.2.33 want: 5.1.1
360 silly fetch manifest @swc/counter@^0.1.3
361 silly packumentCache full:https://registry.npmjs.org/@swc%2fcounter cache-miss
362 silly fetch manifest streamsearch@^1.1.0
363 silly packumentCache full:https://registry.npmjs.org/streamsearch cache-miss
364 silly fetch manifest nanoid@^3.3.6
365 silly packumentCache full:https://registry.npmjs.org/nanoid cache-miss
366 silly fetch manifest source-map-js@^1.0.2
367 silly packumentCache full:https://registry.npmjs.org/source-map-js cache-miss
368 silly fetch manifest client-only@0.0.1
369 silly packumentCache full:https://registry.npmjs.org/client-only cache-miss
370 http fetch GET 200 https://registry.npmjs.org/source-map-js 4ms (cache hit)
371 silly packumentCache full:https://registry.npmjs.org/source-map-js set size:62640 disposed:false
372 http fetch GET 200 https://registry.npmjs.org/nanoid 5ms (cache hit)
373 silly packumentCache full:https://registry.npmjs.org/nanoid set size:298419 disposed:false
374 http fetch GET 200 https://registry.npmjs.org/streamsearch 33ms (cache miss)
375 silly packumentCache full:https://registry.npmjs.org/streamsearch set size:undefined disposed:false
376 http fetch GET 200 https://registry.npmjs.org/@swc%2fcounter 47ms (cache miss)
377 silly packumentCache full:https://registry.npmjs.org/@swc%2fcounter set size:undefined disposed:false
378 http fetch GET 200 https://registry.npmjs.org/client-only 48ms (cache miss)
379 silly packumentCache full:https://registry.npmjs.org/client-only set size:undefined disposed:false
380 silly placeDep ROOT @swc/counter@0.1.3 OK for: @swc/helpers@0.5.5 want: ^0.1.3
381 silly placeDep ROOT streamsearch@1.1.0 OK for: busboy@1.6.0 want: ^1.1.0
382 silly placeDep ROOT nanoid@3.3.11 OK for: postcss@8.5.6 want: ^3.3.11
383 silly placeDep ROOT source-map-js@1.2.1 OK for: postcss@8.5.6 want: ^1.2.1
384 silly placeDep ROOT loose-envify@1.4.0 OK for: react@18.3.1 want: ^1.1.0
385 silly fetch manifest js-tokens@^3.0.0 || ^4.0.0
386 silly packumentCache full:https://registry.npmjs.org/js-tokens cache-miss
387 http fetch GET 200 https://registry.npmjs.org/js-tokens 38ms (cache miss)
388 silly packumentCache full:https://registry.npmjs.org/js-tokens set size:undefined disposed:false
389 silly placeDep ROOT js-tokens@4.0.0 OK for: loose-envify@1.4.0 want: ^3.0.0 || ^4.0.0
390 silly placeDep ROOT scheduler@0.23.2 OK for: react-dom@18.3.1 want: ^0.23.2
391 silly placeDep ROOT client-only@0.0.1 OK for: styled-jsx@5.1.1 want: 0.0.1
392 silly fetch manifest postcss@^8.4.47
393 silly packumentCache full:https://registry.npmjs.org/postcss cache-hit
394 silly fetch manifest tsx@^4.8.1
395 silly packumentCache full:https://registry.npmjs.org/tsx cache-miss
396 http fetch GET 200 https://registry.npmjs.org/tsx 46ms (cache miss)
397 silly packumentCache full:https://registry.npmjs.org/tsx set size:undefined disposed:false
398 silly fetch manifest yaml@^2.4.2
399 silly packumentCache full:https://registry.npmjs.org/yaml cache-miss
400 http fetch GET 200 https://registry.npmjs.org/yaml 35ms (cache miss)
401 silly packumentCache full:https://registry.npmjs.org/yaml set size:undefined disposed:false
402 silly placeDep ROOT @alloc/quick-lru@5.2.0 OK for: tailwindcss@3.4.18 want: ^5.2.0
403 silly placeDep ROOT arg@5.0.2 OK for: tailwindcss@3.4.18 want: ^5.0.2
404 silly placeDep ROOT chokidar@3.6.0 OK for: tailwindcss@3.4.18 want: ^3.6.0
405 silly placeDep ROOT didyoumean@1.2.2 OK for: tailwindcss@3.4.18 want: ^1.2.2
406 silly placeDep ROOT dlv@1.1.3 OK for: tailwindcss@3.4.18 want: ^1.1.3
407 silly placeDep ROOT fast-glob@3.3.3 OK for: tailwindcss@3.4.18 want: ^3.3.2
408 silly placeDep ROOT glob-parent@6.0.2 OK for: tailwindcss@3.4.18 want: ^6.0.2
409 silly placeDep ROOT is-glob@4.0.3 OK for: tailwindcss@3.4.18 want: ^4.0.3
410 silly placeDep ROOT jiti@1.21.7 OK for: tailwindcss@3.4.18 want: ^1.21.7
411 silly placeDep ROOT lilconfig@3.1.3 OK for: tailwindcss@3.4.18 want: ^3.1.3
412 silly placeDep ROOT micromatch@4.0.8 OK for: tailwindcss@3.4.18 want: ^4.0.8
413 silly placeDep ROOT normalize-path@3.0.0 OK for: tailwindcss@3.4.18 want: ^3.0.0
414 silly placeDep ROOT object-hash@3.0.0 OK for: tailwindcss@3.4.18 want: ^3.0.0
415 silly placeDep ROOT postcss-import@15.1.0 OK for: tailwindcss@3.4.18 want: ^15.1.0
416 silly placeDep ROOT postcss-js@4.1.0 OK for: tailwindcss@3.4.18 want: ^4.0.1
417 silly placeDep ROOT postcss-load-config@6.0.1 OK for: tailwindcss@3.4.18 want: ^4.0.2 || ^5.0 || ^6.0
418 silly placeDep ROOT postcss-nested@6.2.0 OK for: tailwindcss@3.4.18 want: ^6.2.0
419 silly placeDep ROOT postcss-selector-parser@6.1.2 OK for: tailwindcss@3.4.18 want: ^6.1.2
420 silly placeDep ROOT resolve@1.22.11 OK for: tailwindcss@3.4.18 want: ^1.22.8
421 silly placeDep ROOT sucrase@3.35.1 OK for: tailwindcss@3.4.18 want: ^3.35.0
422 silly fetch manifest braces@~3.0.2
423 silly packumentCache full:https://registry.npmjs.org/braces cache-miss
424 silly fetch manifest is-glob@~4.0.1
425 silly packumentCache full:https://registry.npmjs.org/is-glob cache-miss
426 silly fetch manifest anymatch@~3.1.2
427 silly packumentCache full:https://registry.npmjs.org/anymatch cache-miss
428 silly fetch manifest readdirp@~3.6.0
429 silly packumentCache full:https://registry.npmjs.org/readdirp cache-miss
430 silly fetch manifest glob-parent@~5.1.2
431 silly packumentCache full:https://registry.npmjs.org/glob-parent cache-miss
432 silly fetch manifest is-binary-path@~2.1.0
433 silly packumentCache full:https://registry.npmjs.org/is-binary-path cache-miss
434 silly fetch manifest normalize-path@~3.0.0
435 silly packumentCache full:https://registry.npmjs.org/normalize-path cache-miss
436 http fetch GET 200 https://registry.npmjs.org/is-glob 5ms (cache hit)
437 silly packumentCache full:https://registry.npmjs.org/is-glob set size:40530 disposed:false
438 silly fetch manifest fsevents@~2.3.2
439 silly packumentCache full:https://registry.npmjs.org/fsevents cache-miss
440 http fetch GET 200 https://registry.npmjs.org/glob-parent 7ms (cache hit)
441 silly packumentCache full:https://registry.npmjs.org/glob-parent set size:42445 disposed:false
442 silly fetch manifest @nodelib/fs.stat@^2.0.2
443 silly packumentCache full:https://registry.npmjs.org/@nodelib%2ffs.stat cache-miss
444 http fetch GET 200 https://registry.npmjs.org/normalize-path 8ms (cache hit)
445 silly packumentCache full:https://registry.npmjs.org/normalize-path set size:28713 disposed:false
446 silly fetch manifest @nodelib/fs.walk@^1.2.3
447 silly packumentCache full:https://registry.npmjs.org/@nodelib%2ffs.walk cache-miss
448 http fetch GET 200 https://registry.npmjs.org/anymatch 31ms (cache miss)
449 silly packumentCache full:https://registry.npmjs.org/anymatch set size:undefined disposed:false
450 silly fetch manifest glob-parent@^5.1.2
451 silly packumentCache full:https://registry.npmjs.org/glob-parent cache-hit
452 silly fetch manifest merge2@^1.3.0
453 silly packumentCache full:https://registry.npmjs.org/merge2 cache-miss
454 http fetch GET 200 https://registry.npmjs.org/readdirp 33ms (cache miss)
455 silly packumentCache full:https://registry.npmjs.org/readdirp set size:undefined disposed:false
456 silly fetch manifest is-extglob@^2.1.1
457 silly packumentCache full:https://registry.npmjs.org/is-extglob cache-miss
458 http fetch GET 200 https://registry.npmjs.org/@nodelib%2ffs.walk 41ms (cache miss)
459 silly packumentCache full:https://registry.npmjs.org/@nodelib%2ffs.walk set size:undefined disposed:false
460 silly fetch manifest braces@^3.0.3
461 silly packumentCache full:https://registry.npmjs.org/braces cache-miss
462 http fetch GET 200 https://registry.npmjs.org/is-binary-path 58ms (cache miss)
463 silly packumentCache full:https://registry.npmjs.org/is-binary-path set size:undefined disposed:false
464 silly fetch manifest picomatch@^2.3.1
465 silly packumentCache full:https://registry.npmjs.org/picomatch cache-miss
466 http fetch GET 200 https://registry.npmjs.org/merge2 27ms (cache miss)
467 silly packumentCache full:https://registry.npmjs.org/merge2 set size:undefined disposed:false
468 silly fetch manifest resolve@^1.1.7
469 silly packumentCache full:https://registry.npmjs.org/resolve cache-miss
470 http fetch GET 200 https://registry.npmjs.org/@nodelib%2ffs.stat 55ms (cache miss)
471 silly packumentCache full:https://registry.npmjs.org/@nodelib%2ffs.stat set size:undefined disposed:false
472 silly fetch manifest read-cache@^1.0.0
473 silly packumentCache full:https://registry.npmjs.org/read-cache cache-miss
474 http fetch GET 200 https://registry.npmjs.org/resolve 4ms (cache hit)
475 silly packumentCache full:https://registry.npmjs.org/resolve set size:246681 disposed:false
476 silly fetch manifest camelcase-css@^2.0.1
477 silly packumentCache full:https://registry.npmjs.org/camelcase-css cache-miss
478 http fetch GET 200 https://registry.npmjs.org/is-extglob 40ms (cache miss)
479 silly packumentCache full:https://registry.npmjs.org/is-extglob set size:undefined disposed:false
480 silly fetch manifest postcss-selector-parser@^6.1.1
481 silly packumentCache full:https://registry.npmjs.org/postcss-selector-parser cache-miss
482 http fetch GET 200 https://registry.npmjs.org/postcss-selector-parser 2ms (cache hit)
483 silly packumentCache full:https://registry.npmjs.org/postcss-selector-parser set size:177140 disposed:false
484 silly fetch manifest cssesc@^3.0.0
485 silly packumentCache full:https://registry.npmjs.org/cssesc cache-miss
486 http fetch GET 200 https://registry.npmjs.org/braces 34ms (cache miss)
487 silly packumentCache full:https://registry.npmjs.org/braces set size:undefined disposed:false
488 silly fetch manifest util-deprecate@^1.0.2
489 silly packumentCache full:https://registry.npmjs.org/util-deprecate cache-miss
490 http fetch GET 200 https://registry.npmjs.org/braces 87ms (cache miss)
491 silly packumentCache full:https://registry.npmjs.org/braces set size:undefined disposed:false
492 silly fetch manifest is-core-module@^2.16.1
493 silly packumentCache full:https://registry.npmjs.org/is-core-module cache-miss
494 http fetch GET 200 https://registry.npmjs.org/fsevents 82ms (cache miss)
495 silly packumentCache full:https://registry.npmjs.org/fsevents set size:undefined disposed:false
496 silly fetch manifest path-parse@^1.0.7
497 silly packumentCache full:https://registry.npmjs.org/path-parse cache-miss
498 http fetch GET 200 https://registry.npmjs.org/picomatch 32ms (cache miss)
499 silly packumentCache full:https://registry.npmjs.org/picomatch set size:undefined disposed:false
500 silly fetch manifest supports-preserve-symlinks-flag@^1.0.0
501 silly packumentCache full:https://registry.npmjs.org/supports-preserve-symlinks-flag cache-miss
502 http fetch GET 200 https://registry.npmjs.org/camelcase-css 36ms (cache miss)
503 silly packumentCache full:https://registry.npmjs.org/camelcase-css set size:undefined disposed:false
504 silly fetch manifest @jridgewell/gen-mapping@^0.3.2
505 silly packumentCache full:https://registry.npmjs.org/@jridgewell%2fgen-mapping cache-miss
506 http fetch GET 200 https://registry.npmjs.org/read-cache 39ms (cache miss)
507 silly packumentCache full:https://registry.npmjs.org/read-cache set size:undefined disposed:false
508 silly fetch manifest commander@^4.0.0
509 silly packumentCache full:https://registry.npmjs.org/commander cache-miss
510 http fetch GET 200 https://registry.npmjs.org/cssesc 28ms (cache miss)
511 silly packumentCache full:https://registry.npmjs.org/cssesc set size:undefined disposed:false
512 silly fetch manifest lines-and-columns@^1.1.6
513 silly packumentCache full:https://registry.npmjs.org/lines-and-columns cache-miss
514 http fetch GET 200 https://registry.npmjs.org/util-deprecate 29ms (cache miss)
515 silly packumentCache full:https://registry.npmjs.org/util-deprecate set size:undefined disposed:false
516 silly fetch manifest mz@^2.7.0
517 silly packumentCache full:https://registry.npmjs.org/mz cache-miss
518 http fetch GET 200 https://registry.npmjs.org/path-parse 33ms (cache miss)
519 silly packumentCache full:https://registry.npmjs.org/path-parse set size:undefined disposed:false
520 silly fetch manifest pirates@^4.0.1
521 silly packumentCache full:https://registry.npmjs.org/pirates cache-miss
522 http fetch GET 200 https://registry.npmjs.org/supports-preserve-symlinks-flag 36ms (cache miss)
523 silly packumentCache full:https://registry.npmjs.org/supports-preserve-symlinks-flag set size:undefined disposed:false
524 silly fetch manifest tinyglobby@^0.2.11
525 silly packumentCache full:https://registry.npmjs.org/tinyglobby cache-miss
526 http fetch GET 200 https://registry.npmjs.org/is-core-module 42ms (cache miss)
527 silly packumentCache full:https://registry.npmjs.org/is-core-module set size:undefined disposed:false
528 silly fetch manifest ts-interface-checker@^0.1.9
529 silly packumentCache full:https://registry.npmjs.org/ts-interface-checker cache-miss
530 http fetch GET 200 https://registry.npmjs.org/lines-and-columns 30ms (cache miss)
531 silly packumentCache full:https://registry.npmjs.org/lines-and-columns set size:undefined disposed:false
532 http fetch GET 200 https://registry.npmjs.org/mz 29ms (cache miss)
533 silly packumentCache full:https://registry.npmjs.org/mz set size:undefined disposed:false
534 http fetch GET 200 https://registry.npmjs.org/@jridgewell%2fgen-mapping 47ms (cache miss)
535 silly packumentCache full:https://registry.npmjs.org/@jridgewell%2fgen-mapping set size:undefined disposed:false
536 http fetch GET 200 https://registry.npmjs.org/commander 51ms (cache miss)
537 silly packumentCache full:https://registry.npmjs.org/commander set size:undefined disposed:false
538 http fetch GET 200 https://registry.npmjs.org/tinyglobby 32ms (cache miss)
539 silly packumentCache full:https://registry.npmjs.org/tinyglobby set size:undefined disposed:false
540 http fetch GET 200 https://registry.npmjs.org/pirates 38ms (cache miss)
541 silly packumentCache full:https://registry.npmjs.org/pirates set size:undefined disposed:false
542 http fetch GET 200 https://registry.npmjs.org/ts-interface-checker 35ms (cache miss)
543 silly packumentCache full:https://registry.npmjs.org/ts-interface-checker set size:undefined disposed:false
544 silly placeDep ROOT anymatch@3.1.3 OK for: chokidar@3.6.0 want: ~3.1.2
545 silly placeDep ROOT braces@3.0.3 OK for: chokidar@3.6.0 want: ~3.0.2
546 silly placeDep ROOT fsevents@2.3.3 OK for: chokidar@3.6.0 want: ~2.3.2
547 silly placeDep node_modules/chokidar glob-parent@5.1.2 OK for: chokidar@3.6.0 want: ~5.1.2
548 silly placeDep ROOT is-binary-path@2.1.0 OK for: chokidar@3.6.0 want: ~2.1.0
549 silly placeDep ROOT readdirp@3.6.0 OK for: chokidar@3.6.0 want: ~3.6.0
550 silly fetch manifest picomatch@^2.0.4
551 silly packumentCache full:https://registry.npmjs.org/picomatch cache-miss
552 silly fetch manifest fill-range@^7.1.1
553 silly packumentCache full:https://registry.npmjs.org/fill-range cache-miss
554 silly fetch manifest binary-extensions@^2.0.0
555 silly packumentCache full:https://registry.npmjs.org/binary-extensions cache-miss
556 silly fetch manifest picomatch@^2.2.1
557 silly packumentCache full:https://registry.npmjs.org/picomatch cache-miss
558 http fetch GET 200 https://registry.npmjs.org/picomatch 4ms (cache hit)
559 silly packumentCache full:https://registry.npmjs.org/picomatch set size:118818 disposed:false
560 http fetch GET 200 https://registry.npmjs.org/picomatch 4ms (cache hit)
561 silly packumentCache full:https://registry.npmjs.org/picomatch set size:118818 disposed:false
562 silly packumentCache full:https://registry.npmjs.org/picomatch dispose
563 http fetch GET 200 https://registry.npmjs.org/binary-extensions 31ms (cache miss)
564 silly packumentCache full:https://registry.npmjs.org/binary-extensions set size:undefined disposed:false
565 http fetch GET 200 https://registry.npmjs.org/fill-range 32ms (cache miss)
566 silly packumentCache full:https://registry.npmjs.org/fill-range set size:undefined disposed:false
567 silly placeDep ROOT picomatch@2.3.1 OK for: anymatch@3.1.3 want: ^2.0.4
568 silly placeDep ROOT fill-range@7.1.1 OK for: braces@3.0.3 want: ^7.1.1
569 silly fetch manifest to-regex-range@^5.0.1
570 silly packumentCache full:https://registry.npmjs.org/to-regex-range cache-miss
571 http fetch GET 200 https://registry.npmjs.org/to-regex-range 32ms (cache miss)
572 silly packumentCache full:https://registry.npmjs.org/to-regex-range set size:undefined disposed:false
573 silly placeDep ROOT @nodelib/fs.stat@2.0.5 OK for: fast-glob@3.3.3 want: ^2.0.2
574 silly placeDep ROOT @nodelib/fs.walk@1.2.8 OK for: fast-glob@3.3.3 want: ^1.2.3
575 silly placeDep node_modules/fast-glob glob-parent@5.1.2 OK for: fast-glob@3.3.3 want: ^5.1.2
576 silly placeDep ROOT merge2@1.4.1 OK for: fast-glob@3.3.3 want: ^1.3.0
577 silly fetch manifest fastq@^1.6.0
578 silly packumentCache full:https://registry.npmjs.org/fastq cache-miss
579 silly fetch manifest @nodelib/fs.scandir@2.1.5
580 silly packumentCache full:https://registry.npmjs.org/@nodelib%2ffs.scandir cache-miss
581 http fetch GET 200 https://registry.npmjs.org/fastq 44ms (cache miss)
582 silly packumentCache full:https://registry.npmjs.org/fastq set size:undefined disposed:false
583 http fetch GET 200 https://registry.npmjs.org/@nodelib%2ffs.scandir 47ms (cache miss)
584 silly packumentCache full:https://registry.npmjs.org/@nodelib%2ffs.scandir set size:undefined disposed:false
585 silly placeDep ROOT @nodelib/fs.scandir@2.1.5 OK for: @nodelib/fs.walk@1.2.8 want: 2.1.5
586 silly placeDep ROOT fastq@1.19.1 OK for: @nodelib/fs.walk@1.2.8 want: ^1.6.0
587 silly fetch manifest run-parallel@^1.1.9
588 silly packumentCache full:https://registry.npmjs.org/run-parallel cache-miss
589 silly fetch manifest reusify@^1.0.4
590 silly packumentCache full:https://registry.npmjs.org/reusify cache-miss
591 http fetch GET 200 https://registry.npmjs.org/reusify 33ms (cache miss)
592 silly packumentCache full:https://registry.npmjs.org/reusify set size:undefined disposed:false
593 http fetch GET 200 https://registry.npmjs.org/run-parallel 37ms (cache miss)
594 silly packumentCache full:https://registry.npmjs.org/run-parallel set size:undefined disposed:false
595 silly placeDep ROOT run-parallel@1.2.0 OK for: @nodelib/fs.scandir@2.1.5 want: ^1.1.9
596 silly fetch manifest queue-microtask@^1.2.2
597 silly packumentCache full:https://registry.npmjs.org/queue-microtask cache-miss
598 http fetch GET 200 https://registry.npmjs.org/queue-microtask 38ms (cache miss)
599 silly packumentCache full:https://registry.npmjs.org/queue-microtask set size:undefined disposed:false
600 silly placeDep ROOT reusify@1.1.0 OK for: fastq@1.19.1 want: ^1.0.4
601 silly placeDep ROOT to-regex-range@5.0.1 OK for: fill-range@7.1.1 want: ^5.0.1
602 silly fetch manifest is-number@^7.0.0
603 silly packumentCache full:https://registry.npmjs.org/is-number cache-miss
604 http fetch GET 200 https://registry.npmjs.org/is-number 29ms (cache miss)
605 silly packumentCache full:https://registry.npmjs.org/is-number set size:undefined disposed:false
606 silly placeDep ROOT binary-extensions@2.3.0 OK for: is-binary-path@2.1.0 want: ^2.0.0
607 silly placeDep ROOT is-extglob@2.1.1 OK for: is-glob@4.0.3 want: ^2.1.1
608 silly placeDep ROOT read-cache@1.0.0 OK for: postcss-import@15.1.0 want: ^1.0.0
609 silly fetch manifest pify@^2.3.0
610 silly packumentCache full:https://registry.npmjs.org/pify cache-miss
611 http fetch GET 200 https://registry.npmjs.org/pify 34ms (cache miss)
612 silly packumentCache full:https://registry.npmjs.org/pify set size:undefined disposed:false
613 silly placeDep ROOT camelcase-css@2.0.1 OK for: postcss-js@4.1.0 want: ^2.0.1
614 silly placeDep ROOT cssesc@3.0.0 OK for: postcss-selector-parser@6.1.2 want: ^3.0.0
615 silly placeDep ROOT util-deprecate@1.0.2 OK for: postcss-selector-parser@6.1.2 want: ^1.0.2
616 silly placeDep ROOT pify@2.3.0 OK for: read-cache@1.0.0 want: ^2.3.0
617 silly placeDep ROOT is-core-module@2.16.1 OK for: resolve@1.22.11 want: ^2.16.1
618 silly placeDep ROOT path-parse@1.0.7 OK for: resolve@1.22.11 want: ^1.0.7
619 silly placeDep ROOT supports-preserve-symlinks-flag@1.0.0 OK for: resolve@1.22.11 want: ^1.0.0
620 silly fetch manifest hasown@^2.0.2
621 silly packumentCache full:https://registry.npmjs.org/hasown cache-miss
622 http fetch GET 200 https://registry.npmjs.org/hasown 33ms (cache miss)
623 silly packumentCache full:https://registry.npmjs.org/hasown set size:undefined disposed:false
624 silly placeDep ROOT hasown@2.0.2 OK for: is-core-module@2.16.1 want: ^2.0.2
625 silly fetch manifest function-bind@^1.1.2
626 silly packumentCache full:https://registry.npmjs.org/function-bind cache-miss
627 http fetch GET 200 https://registry.npmjs.org/function-bind 39ms (cache miss)
628 silly packumentCache full:https://registry.npmjs.org/function-bind set size:undefined disposed:false
629 silly placeDep ROOT function-bind@1.1.2 OK for: hasown@2.0.2 want: ^1.1.2
630 silly placeDep ROOT queue-microtask@1.2.3 OK for: run-parallel@1.2.0 want: ^1.2.2
631 silly placeDep ROOT @jridgewell/gen-mapping@0.3.13 OK for: sucrase@3.35.1 want: ^0.3.2
632 silly placeDep ROOT commander@4.1.1 OK for: sucrase@3.35.1 want: ^4.0.0
633 silly placeDep ROOT lines-and-columns@1.2.4 OK for: sucrase@3.35.1 want: ^1.1.6
634 silly placeDep ROOT mz@2.7.0 OK for: sucrase@3.35.1 want: ^2.7.0
635 silly placeDep ROOT pirates@4.0.7 OK for: sucrase@3.35.1 want: ^4.0.1
636 silly placeDep ROOT tinyglobby@0.2.15 OK for: sucrase@3.35.1 want: ^0.2.11
637 silly placeDep ROOT ts-interface-checker@0.1.13 OK for: sucrase@3.35.1 want: ^0.1.9
638 silly fetch manifest @jridgewell/sourcemap-codec@^1.5.0
639 silly packumentCache full:https://registry.npmjs.org/@jridgewell%2fsourcemap-codec cache-miss
640 silly fetch manifest @jridgewell/trace-mapping@^0.3.24
641 silly packumentCache full:https://registry.npmjs.org/@jridgewell%2ftrace-mapping cache-miss
642 silly fetch manifest any-promise@^1.0.0
643 silly packumentCache full:https://registry.npmjs.org/any-promise cache-miss
644 silly fetch manifest object-assign@^4.0.1
645 silly packumentCache full:https://registry.npmjs.org/object-assign cache-miss
646 silly fetch manifest thenify-all@^1.0.0
647 silly packumentCache full:https://registry.npmjs.org/thenify-all cache-miss
648 silly fetch manifest fdir@^6.5.0
649 silly packumentCache full:https://registry.npmjs.org/fdir cache-miss
650 silly fetch manifest picomatch@^4.0.3
651 silly packumentCache full:https://registry.npmjs.org/picomatch cache-hit
652 http fetch GET 200 https://registry.npmjs.org/object-assign 35ms (cache miss)
653 silly packumentCache full:https://registry.npmjs.org/object-assign set size:undefined disposed:false
654 http fetch GET 200 https://registry.npmjs.org/any-promise 47ms (cache miss)
655 silly packumentCache full:https://registry.npmjs.org/any-promise set size:undefined disposed:false
656 http fetch GET 200 https://registry.npmjs.org/thenify-all 48ms (cache miss)
657 silly packumentCache full:https://registry.npmjs.org/thenify-all set size:undefined disposed:false
658 http fetch GET 200 https://registry.npmjs.org/fdir 50ms (cache miss)
659 silly packumentCache full:https://registry.npmjs.org/fdir set size:undefined disposed:false
660 http fetch GET 200 https://registry.npmjs.org/@jridgewell%2fsourcemap-codec 54ms (cache miss)
661 silly packumentCache full:https://registry.npmjs.org/@jridgewell%2fsourcemap-codec set size:undefined disposed:false
662 http fetch GET 200 https://registry.npmjs.org/@jridgewell%2ftrace-mapping 71ms (cache miss)
663 silly packumentCache full:https://registry.npmjs.org/@jridgewell%2ftrace-mapping set size:undefined disposed:false
664 silly placeDep ROOT @jridgewell/sourcemap-codec@1.5.5 OK for: @jridgewell/gen-mapping@0.3.13 want: ^1.5.0
665 silly placeDep ROOT @jridgewell/trace-mapping@0.3.31 OK for: @jridgewell/gen-mapping@0.3.13 want: ^0.3.24
666 silly fetch manifest @jridgewell/resolve-uri@^3.1.0
667 silly packumentCache full:https://registry.npmjs.org/@jridgewell%2fresolve-uri cache-miss
668 http fetch GET 200 https://registry.npmjs.org/@jridgewell%2fresolve-uri 48ms (cache miss)
669 silly packumentCache full:https://registry.npmjs.org/@jridgewell%2fresolve-uri set size:undefined disposed:false
670 silly placeDep ROOT @jridgewell/resolve-uri@3.1.2 OK for: @jridgewell/trace-mapping@0.3.31 want: ^3.1.0
671 silly placeDep ROOT any-promise@1.3.0 OK for: mz@2.7.0 want: ^1.0.0
672 silly placeDep ROOT object-assign@4.1.1 OK for: mz@2.7.0 want: ^4.0.1
673 silly placeDep ROOT thenify-all@1.6.0 OK for: mz@2.7.0 want: ^1.0.0
674 silly fetch manifest thenify@>= 3.1.0 < 4
675 silly packumentCache full:https://registry.npmjs.org/thenify cache-miss
676 http fetch GET 200 https://registry.npmjs.org/thenify 33ms (cache miss)
677 silly packumentCache full:https://registry.npmjs.org/thenify set size:undefined disposed:false
678 silly placeDep ROOT thenify@3.3.1 OK for: thenify-all@1.6.0 want: >= 3.1.0 < 4
679 silly placeDep node_modules/tinyglobby fdir@6.5.0 OK for: tinyglobby@0.2.15 want: ^6.5.0
680 silly placeDep node_modules/tinyglobby picomatch@4.0.3 OK for: fdir@6.5.0 want: ^3 || ^4
681 silly placeDep ROOT is-number@7.0.0 OK for: to-regex-range@5.0.1 want: ^7.0.0
682 silly placeDep ROOT escalade@3.2.0 OK for: update-browserslist-db@1.1.4 want: ^3.2.0
683 silly reify moves {}
684 silly audit bulk request {
684 silly audit   '@emailjs/browser': [ '3.12.1' ],
684 silly audit   '@types/node': [ '20.19.25' ],
684 silly audit   '@types/react': [ '18.3.27' ],
684 silly audit   '@types/react-dom': [ '18.3.7' ],
684 silly audit   autoprefixer: [ '10.4.22' ],
684 silly audit   postcss: [ '8.5.6', '8.4.31' ],
684 silly audit   'framer-motion': [ '10.18.0' ],
684 silly audit   next: [ '14.2.33' ],
684 silly audit   react: [ '18.3.1' ],
684 silly audit   'react-dom': [ '18.3.1' ],
684 silly audit   'react-icons': [ '4.12.0' ],
684 silly audit   tailwindcss: [ '3.4.18' ],
684 silly audit   typescript: [ '5.9.3' ],
684 silly audit   'undici-types': [ '6.21.0' ],
684 silly audit   '@types/prop-types': [ '15.7.15' ],
684 silly audit   csstype: [ '3.2.3' ],
684 silly audit   browserslist: [ '4.28.0' ],
684 silly audit   'caniuse-lite': [ '1.0.30001757' ],
684 silly audit   'fraction.js': [ '5.3.4' ],
684 silly audit   'normalize-range': [ '0.1.2' ],
684 silly audit   picocolors: [ '1.1.1' ],
684 silly audit   'postcss-value-parser': [ '4.2.0' ],
684 silly audit   'baseline-browser-mapping': [ '2.8.32' ],
684 silly audit   'electron-to-chromium': [ '1.5.262' ],
684 silly audit   'node-releases': [ '2.0.27' ],
684 silly audit   'update-browserslist-db': [ '1.1.4' ],
684 silly audit   '@emotion/is-prop-valid': [ '0.8.8' ],
684 silly audit   tslib: [ '2.8.1' ],
684 silly audit   '@emotion/memoize': [ '0.7.4' ],
684 silly audit   '@next/env': [ '14.2.33' ],
684 silly audit   '@next/swc-darwin-arm64': [ '14.2.33' ],
684 silly audit   '@next/swc-darwin-x64': [ '14.2.33' ],
684 silly audit   '@next/swc-linux-arm64-gnu': [ '14.2.33' ],
684 silly audit   '@next/swc-linux-arm64-musl': [ '14.2.33' ],
684 silly audit   '@next/swc-linux-x64-gnu': [ '14.2.33' ],
684 silly audit   '@next/swc-linux-x64-musl': [ '14.2.33' ],
684 silly audit   '@next/swc-win32-arm64-msvc': [ '14.2.33' ],
684 silly audit   '@next/swc-win32-ia32-msvc': [ '14.2.33' ],
684 silly audit   '@next/swc-win32-x64-msvc': [ '14.2.33' ],
684 silly audit   '@swc/helpers': [ '0.5.5' ],
684 silly audit   busboy: [ '1.6.0' ],
684 silly audit   'graceful-fs': [ '4.2.11' ],
684 silly audit   'styled-jsx': [ '5.1.1' ],
684 silly audit   '@swc/counter': [ '0.1.3' ],
684 silly audit   streamsearch: [ '1.1.0' ],
684 silly audit   nanoid: [ '3.3.11' ],
684 silly audit   'source-map-js': [ '1.2.1' ],
684 silly audit   'loose-envify': [ '1.4.0' ],
684 silly audit   'js-tokens': [ '4.0.0' ],
684 silly audit   scheduler: [ '0.23.2' ],
684 silly audit   'client-only': [ '0.0.1' ],
684 silly audit   '@alloc/quick-lru': [ '5.2.0' ],
684 silly audit   arg: [ '5.0.2' ],
684 silly audit   chokidar: [ '3.6.0' ],
684 silly audit   didyoumean: [ '1.2.2' ],
684 silly audit   dlv: [ '1.1.3' ],
684 silly audit   'fast-glob': [ '3.3.3' ],
684 silly audit   'glob-parent': [ '6.0.2', '5.1.2' ],
684 silly audit   'is-glob': [ '4.0.3' ],
684 silly audit   jiti: [ '1.21.7' ],
684 silly audit   lilconfig: [ '3.1.3' ],
684 silly audit   micromatch: [ '4.0.8' ],
684 silly audit   'normalize-path': [ '3.0.0' ],
684 silly audit   'object-hash': [ '3.0.0' ],
684 silly audit   'postcss-import': [ '15.1.0' ],
684 silly audit   'postcss-js': [ '4.1.0' ],
684 silly audit   'postcss-load-config': [ '6.0.1' ],
684 silly audit   'postcss-nested': [ '6.2.0' ],
684 silly audit   'postcss-selector-parser': [ '6.1.2' ],
684 silly audit   resolve: [ '1.22.11' ],
684 silly audit   sucrase: [ '3.35.1' ],
684 silly audit   anymatch: [ '3.1.3' ],
684 silly audit   braces: [ '3.0.3' ],
684 silly audit   fsevents: [ '2.3.3' ],
684 silly audit   'is-binary-path': [ '2.1.0' ],
684 silly audit   readdirp: [ '3.6.0' ],
684 silly audit   picomatch: [ '2.3.1', '4.0.3' ],
684 silly audit   'fill-range': [ '7.1.1' ],
684 silly audit   '@nodelib/fs.stat': [ '2.0.5' ],
684 silly audit   '@nodelib/fs.walk': [ '1.2.8' ],
684 silly audit   merge2: [ '1.4.1' ],
684 silly audit   '@nodelib/fs.scandir': [ '2.1.5' ],
684 silly audit   fastq: [ '1.19.1' ],
684 silly audit   'run-parallel': [ '1.2.0' ],
684 silly audit   reusify: [ '1.1.0' ],
684 silly audit   'to-regex-range': [ '5.0.1' ],
684 silly audit   'binary-extensions': [ '2.3.0' ],
684 silly audit   'is-extglob': [ '2.1.1' ],
684 silly audit   'read-cache': [ '1.0.0' ],
684 silly audit   'camelcase-css': [ '2.0.1' ],
684 silly audit   cssesc: [ '3.0.0' ],
684 silly audit   'util-deprecate': [ '1.0.2' ],
684 silly audit   pify: [ '2.3.0' ],
684 silly audit   'is-core-module': [ '2.16.1' ],
684 silly audit   'path-parse': [ '1.0.7' ],
684 silly audit   'supports-preserve-symlinks-flag': [ '1.0.0' ],
684 silly audit   hasown: [ '2.0.2' ],
684 silly audit   'function-bind': [ '1.1.2' ],
684 silly audit   'queue-microtask': [ '1.2.3' ],
684 silly audit   '@jridgewell/gen-mapping': [ '0.3.13' ],
684 silly audit   commander: [ '4.1.1' ],
684 silly audit   'lines-and-columns': [ '1.2.4' ],
684 silly audit   mz: [ '2.7.0' ],
684 silly audit   pirates: [ '4.0.7' ],
684 silly audit   tinyglobby: [ '0.2.15' ],
684 silly audit   'ts-interface-checker': [ '0.1.13' ],
684 silly audit   '@jridgewell/sourcemap-codec': [ '1.5.5' ],
684 silly audit   '@jridgewell/trace-mapping': [ '0.3.31' ],
684 silly audit   '@jridgewell/resolve-uri': [ '3.1.2' ],
684 silly audit   'any-promise': [ '1.3.0' ],
684 silly audit   'object-assign': [ '4.1.1' ],
684 silly audit   'thenify-all': [ '1.6.0' ],
684 silly audit   thenify: [ '3.3.1' ],
684 silly audit   fdir: [ '6.5.0' ],
684 silly audit   'is-number': [ '7.0.0' ],
684 silly audit   escalade: [ '3.2.0' ]
684 silly audit }
685 verbose reify failed optional dependency /Users/okwor/Documents/Csv Viewer/node_modules/@next/swc-win32-x64-msvc
686 silly reify mark deleted [
686 silly reify   '/Users/okwor/Documents/Csv Viewer/node_modules/@next/swc-win32-x64-msvc'
686 silly reify ]
687 verbose reify failed optional dependency /Users/okwor/Documents/Csv Viewer/node_modules/@next/swc-win32-ia32-msvc
688 silly reify mark deleted [
688 silly reify   '/Users/okwor/Documents/Csv Viewer/node_modules/@next/swc-win32-ia32-msvc'
688 silly reify ]
689 verbose reify failed optional dependency /Users/okwor/Documents/Csv Viewer/node_modules/@next/swc-win32-arm64-msvc
690 silly reify mark deleted [
690 silly reify   '/Users/okwor/Documents/Csv Viewer/node_modules/@next/swc-win32-arm64-msvc'
690 silly reify ]
691 verbose reify failed optional dependency /Users/okwor/Documents/Csv Viewer/node_modules/@next/swc-linux-x64-musl
692 silly reify mark deleted [
692 silly reify   '/Users/okwor/Documents/Csv Viewer/node_modules/@next/swc-linux-x64-musl'
692 silly reify ]
693 verbose reify failed optional dependency /Users/okwor/Documents/Csv Viewer/node_modules/@next/swc-linux-x64-gnu
694 silly reify mark deleted [
694 silly reify   '/Users/okwor/Documents/Csv Viewer/node_modules/@next/swc-linux-x64-gnu'
694 silly reify ]
695 verbose reify failed optional dependency /Users/okwor/Documents/Csv Viewer/node_modules/@next/swc-linux-arm64-musl
696 silly reify mark deleted [
696 silly reify   '/Users/okwor/Documents/Csv Viewer/node_modules/@next/swc-linux-arm64-musl'
696 silly reify ]
697 verbose reify failed optional dependency /Users/okwor/Documents/Csv Viewer/node_modules/@next/swc-linux-arm64-gnu
698 silly reify mark deleted [
698 silly reify   '/Users/okwor/Documents/Csv Viewer/node_modules/@next/swc-linux-arm64-gnu'
698 silly reify ]
699 verbose reify failed optional dependency /Users/okwor/Documents/Csv Viewer/node_modules/@next/swc-darwin-x64
700 silly reify mark deleted [
700 silly reify   '/Users/okwor/Documents/Csv Viewer/node_modules/@next/swc-darwin-x64'
700 silly reify ]
701 silly tarball no local data for is-number@https://registry.npmjs.org/is-number/-/is-number-7.0.0.tgz. Extracting by manifest.
702 silly tarball no local data for thenify@https://registry.npmjs.org/thenify/-/thenify-3.3.1.tgz. Extracting by manifest.
703 silly tarball no local data for thenify-all@https://registry.npmjs.org/thenify-all/-/thenify-all-1.6.0.tgz. Extracting by manifest.
704 silly tarball no local data for any-promise@https://registry.npmjs.org/any-promise/-/any-promise-1.3.0.tgz. Extracting by manifest.
705 silly tarball no local data for object-assign@https://registry.npmjs.org/object-assign/-/object-assign-4.1.1.tgz. Extracting by manifest.
706 silly tarball no local data for @jridgewell/resolve-uri@https://registry.npmjs.org/@jridgewell/resolve-uri/-/resolve-uri-3.1.2.tgz. Extracting by manifest.
707 silly tarball no local data for @jridgewell/trace-mapping@https://registry.npmjs.org/@jridgewell/trace-mapping/-/trace-mapping-0.3.31.tgz. Extracting by manifest.
708 silly tarball no local data for escalade@https://registry.npmjs.org/escalade/-/escalade-3.2.0.tgz. Extracting by manifest.
709 silly tarball no local data for @jridgewell/sourcemap-codec@https://registry.npmjs.org/@jridgewell/sourcemap-codec/-/sourcemap-codec-1.5.5.tgz. Extracting by manifest.
710 silly tarball no local data for tinyglobby@https://registry.npmjs.org/tinyglobby/-/tinyglobby-0.2.15.tgz. Extracting by manifest.
711 silly tarball no local data for picomatch@https://registry.npmjs.org/picomatch/-/picomatch-4.0.3.tgz. Extracting by manifest.
712 silly tarball no local data for fdir@https://registry.npmjs.org/fdir/-/fdir-6.5.0.tgz. Extracting by manifest.
713 silly tarball no local data for pirates@https://registry.npmjs.org/pirates/-/pirates-4.0.7.tgz. Extracting by manifest.
714 silly tarball no local data for mz@https://registry.npmjs.org/mz/-/mz-2.7.0.tgz. Extracting by manifest.
715 silly tarball no local data for lines-and-columns@https://registry.npmjs.org/lines-and-columns/-/lines-and-columns-1.2.4.tgz. Extracting by manifest.
716 silly tarball no local data for commander@https://registry.npmjs.org/commander/-/commander-4.1.1.tgz. Extracting by manifest.
717 silly tarball no local data for @jridgewell/gen-mapping@https://registry.npmjs.org/@jridgewell/gen-mapping/-/gen-mapping-0.3.13.tgz. Extracting by manifest.
718 silly tarball no local data for ts-interface-checker@https://registry.npmjs.org/ts-interface-checker/-/ts-interface-checker-0.1.13.tgz. Extracting by manifest.
719 silly tarball no local data for queue-microtask@https://registry.npmjs.org/queue-microtask/-/queue-microtask-1.2.3.tgz. Extracting by manifest.
720 silly tarball no local data for hasown@https://registry.npmjs.org/hasown/-/hasown-2.0.2.tgz. Extracting by manifest.
721 silly tarball no local data for supports-preserve-symlinks-flag@https://registry.npmjs.org/supports-preserve-symlinks-flag/-/supports-preserve-symlinks-flag-1.0.0.tgz. Extracting by manifest.
722 silly tarball no local data for function-bind@https://registry.npmjs.org/function-bind/-/function-bind-1.1.2.tgz. Extracting by manifest.
723 silly tarball no local data for path-parse@https://registry.npmjs.org/path-parse/-/path-parse-1.0.7.tgz. Extracting by manifest.
724 silly tarball no local data for pify@https://registry.npmjs.org/pify/-/pify-2.3.0.tgz. Extracting by manifest.
725 silly tarball no local data for is-core-module@https://registry.npmjs.org/is-core-module/-/is-core-module-2.16.1.tgz. Extracting by manifest.
726 silly tarball no local data for util-deprecate@https://registry.npmjs.org/util-deprecate/-/util-deprecate-1.0.2.tgz. Extracting by manifest.
727 silly tarball no local data for camelcase-css@https://registry.npmjs.org/camelcase-css/-/camelcase-css-2.0.1.tgz. Extracting by manifest.
728 silly tarball no local data for cssesc@https://registry.npmjs.org/cssesc/-/cssesc-3.0.0.tgz. Extracting by manifest.
729 silly tarball no local data for read-cache@https://registry.npmjs.org/read-cache/-/read-cache-1.0.0.tgz. Extracting by manifest.
730 silly tarball no local data for is-extglob@https://registry.npmjs.org/is-extglob/-/is-extglob-2.1.1.tgz. Extracting by manifest.
731 silly tarball no local data for to-regex-range@https://registry.npmjs.org/to-regex-range/-/to-regex-range-5.0.1.tgz. Extracting by manifest.
732 silly tarball no local data for reusify@https://registry.npmjs.org/reusify/-/reusify-1.1.0.tgz. Extracting by manifest.
733 silly tarball no local data for binary-extensions@https://registry.npmjs.org/binary-extensions/-/binary-extensions-2.3.0.tgz. Extracting by manifest.
734 silly tarball no local data for run-parallel@https://registry.npmjs.org/run-parallel/-/run-parallel-1.2.0.tgz. Extracting by manifest.
735 silly tarball no local data for fastq@https://registry.npmjs.org/fastq/-/fastq-1.19.1.tgz. Extracting by manifest.
736 silly tarball no local data for merge2@https://registry.npmjs.org/merge2/-/merge2-1.4.1.tgz. Extracting by manifest.
737 silly tarball no local data for @nodelib/fs.walk@https://registry.npmjs.org/@nodelib/fs.walk/-/fs.walk-1.2.8.tgz. Extracting by manifest.
738 silly tarball no local data for @nodelib/fs.scandir@https://registry.npmjs.org/@nodelib/fs.scandir/-/fs.scandir-2.1.5.tgz. Extracting by manifest.
739 silly tarball no local data for @nodelib/fs.stat@https://registry.npmjs.org/@nodelib/fs.stat/-/fs.stat-2.0.5.tgz. Extracting by manifest.
740 silly tarball no local data for picomatch@https://registry.npmjs.org/picomatch/-/picomatch-2.3.1.tgz. Extracting by manifest.
741 silly tarball no local data for is-binary-path@https://registry.npmjs.org/is-binary-path/-/is-binary-path-2.1.0.tgz. Extracting by manifest.
742 silly tarball no local data for fsevents@https://registry.npmjs.org/fsevents/-/fsevents-2.3.3.tgz. Extracting by manifest.
743 silly tarball no local data for braces@https://registry.npmjs.org/braces/-/braces-3.0.3.tgz. Extracting by manifest.
744 silly tarball no local data for readdirp@https://registry.npmjs.org/readdirp/-/readdirp-3.6.0.tgz. Extracting by manifest.
745 silly tarball no local data for sucrase@https://registry.npmjs.org/sucrase/-/sucrase-3.35.1.tgz. Extracting by manifest.
746 silly tarball no local data for fill-range@https://registry.npmjs.org/fill-range/-/fill-range-7.1.1.tgz. Extracting by manifest.
747 silly tarball no local data for postcss-selector-parser@https://registry.npmjs.org/postcss-selector-parser/-/postcss-selector-parser-6.1.2.tgz. Extracting by manifest.
748 silly tarball no local data for postcss-nested@https://registry.npmjs.org/postcss-nested/-/postcss-nested-6.2.0.tgz. Extracting by manifest.
749 silly tarball no local data for resolve@https://registry.npmjs.org/resolve/-/resolve-1.22.11.tgz. Extracting by manifest.
750 silly tarball no local data for postcss-load-config@https://registry.npmjs.org/postcss-load-config/-/postcss-load-config-6.0.1.tgz. Extracting by manifest.
751 silly tarball no local data for postcss-js@https://registry.npmjs.org/postcss-js/-/postcss-js-4.1.0.tgz. Extracting by manifest.
752 silly tarball no local data for anymatch@https://registry.npmjs.org/anymatch/-/anymatch-3.1.3.tgz. Extracting by manifest.
753 silly tarball no local data for postcss-import@https://registry.npmjs.org/postcss-import/-/postcss-import-15.1.0.tgz. Extracting by manifest.
754 silly tarball no local data for object-hash@https://registry.npmjs.org/object-hash/-/object-hash-3.0.0.tgz. Extracting by manifest.
755 silly tarball no local data for micromatch@https://registry.npmjs.org/micromatch/-/micromatch-4.0.8.tgz. Extracting by manifest.
756 silly tarball no local data for lilconfig@https://registry.npmjs.org/lilconfig/-/lilconfig-3.1.3.tgz. Extracting by manifest.
757 silly tarball no local data for jiti@https://registry.npmjs.org/jiti/-/jiti-1.21.7.tgz. Extracting by manifest.
758 silly tarball no local data for is-glob@https://registry.npmjs.org/is-glob/-/is-glob-4.0.3.tgz. Extracting by manifest.
759 silly tarball no local data for normalize-path@https://registry.npmjs.org/normalize-path/-/normalize-path-3.0.0.tgz. Extracting by manifest.
760 silly tarball no local data for glob-parent@https://registry.npmjs.org/glob-parent/-/glob-parent-6.0.2.tgz. Extracting by manifest.
761 silly tarball no local data for glob-parent@https://registry.npmjs.org/glob-parent/-/glob-parent-5.1.2.tgz. Extracting by manifest.
762 silly tarball no local data for fast-glob@https://registry.npmjs.org/fast-glob/-/fast-glob-3.3.3.tgz. Extracting by manifest.
763 silly tarball no local data for didyoumean@https://registry.npmjs.org/didyoumean/-/didyoumean-1.2.2.tgz. Extracting by manifest.
764 silly tarball no local data for arg@https://registry.npmjs.org/arg/-/arg-5.0.2.tgz. Extracting by manifest.
765 silly tarball no local data for glob-parent@https://registry.npmjs.org/glob-parent/-/glob-parent-5.1.2.tgz. Extracting by manifest.
766 silly tarball no local data for dlv@https://registry.npmjs.org/dlv/-/dlv-1.1.3.tgz. Extracting by manifest.
767 silly tarball no local data for @alloc/quick-lru@https://registry.npmjs.org/@alloc/quick-lru/-/quick-lru-5.2.0.tgz. Extracting by manifest.
768 silly tarball no local data for client-only@https://registry.npmjs.org/client-only/-/client-only-0.0.1.tgz. Extracting by manifest.
769 silly tarball no local data for scheduler@https://registry.npmjs.org/scheduler/-/scheduler-0.23.2.tgz. Extracting by manifest.
770 silly tarball no local data for chokidar@https://registry.npmjs.org/chokidar/-/chokidar-3.6.0.tgz. Extracting by manifest.
771 silly tarball no local data for source-map-js@https://registry.npmjs.org/source-map-js/-/source-map-js-1.2.1.tgz. Extracting by manifest.
772 silly tarball no local data for loose-envify@https://registry.npmjs.org/loose-envify/-/loose-envify-1.4.0.tgz. Extracting by manifest.
773 silly tarball no local data for nanoid@https://registry.npmjs.org/nanoid/-/nanoid-3.3.11.tgz. Extracting by manifest.
774 silly tarball no local data for streamsearch@https://registry.npmjs.org/streamsearch/-/streamsearch-1.1.0.tgz. Extracting by manifest.
775 silly tarball no local data for @swc/counter@https://registry.npmjs.org/@swc/counter/-/counter-0.1.3.tgz. Extracting by manifest.
776 silly tarball no local data for styled-jsx@https://registry.npmjs.org/styled-jsx/-/styled-jsx-5.1.1.tgz. Extracting by manifest.
777 silly tarball no local data for graceful-fs@https://registry.npmjs.org/graceful-fs/-/graceful-fs-4.2.11.tgz. Extracting by manifest.
778 silly tarball no local data for js-tokens@https://registry.npmjs.org/js-tokens/-/js-tokens-4.0.0.tgz. Extracting by manifest.
779 silly tarball no local data for busboy@https://registry.npmjs.org/busboy/-/busboy-1.6.0.tgz. Extracting by manifest.
780 silly tarball no local data for @next/swc-darwin-arm64@https://registry.npmjs.org/@next/swc-darwin-arm64/-/swc-darwin-arm64-14.2.33.tgz. Extracting by manifest.
781 silly tarball no local data for @swc/helpers@https://registry.npmjs.org/@swc/helpers/-/helpers-0.5.5.tgz. Extracting by manifest.
782 silly tarball no local data for @next/env@https://registry.npmjs.org/@next/env/-/env-14.2.33.tgz. Extracting by manifest.
783 silly tarball no local data for @emotion/memoize@https://registry.npmjs.org/@emotion/memoize/-/memoize-0.7.4.tgz. Extracting by manifest.
784 silly tarball no local data for @emotion/is-prop-valid@https://registry.npmjs.org/@emotion/is-prop-valid/-/is-prop-valid-0.8.8.tgz. Extracting by manifest.
785 silly tarball no local data for tslib@https://registry.npmjs.org/tslib/-/tslib-2.8.1.tgz. Extracting by manifest.
786 silly tarball no local data for node-releases@https://registry.npmjs.org/node-releases/-/node-releases-2.0.27.tgz. Extracting by manifest.
787 silly tarball no local data for baseline-browser-mapping@https://registry.npmjs.org/baseline-browser-mapping/-/baseline-browser-mapping-2.8.32.tgz. Extracting by manifest.
788 silly tarball no local data for postcss-value-parser@https://registry.npmjs.org/postcss-value-parser/-/postcss-value-parser-4.2.0.tgz. Extracting by manifest.
789 silly tarball no local data for electron-to-chromium@https://registry.npmjs.org/electron-to-chromium/-/electron-to-chromium-1.5.262.tgz. Extracting by manifest.
790 silly tarball no local data for picocolors@https://registry.npmjs.org/picocolors/-/picocolors-1.1.1.tgz. Extracting by manifest.
791 silly tarball no local data for update-browserslist-db@https://registry.npmjs.org/update-browserslist-db/-/update-browserslist-db-1.1.4.tgz. Extracting by manifest.
792 silly tarball no local data for caniuse-lite@https://registry.npmjs.org/caniuse-lite/-/caniuse-lite-1.0.30001757.tgz. Extracting by manifest.
793 silly tarball no local data for fraction.js@https://registry.npmjs.org/fraction.js/-/fraction.js-5.3.4.tgz. Extracting by manifest.
794 silly tarball no local data for browserslist@https://registry.npmjs.org/browserslist/-/browserslist-4.28.0.tgz. Extracting by manifest.
795 silly tarball no local data for normalize-range@https://registry.npmjs.org/normalize-range/-/normalize-range-0.1.2.tgz. Extracting by manifest.
796 silly tarball no local data for csstype@https://registry.npmjs.org/csstype/-/csstype-3.2.3.tgz. Extracting by manifest.
797 silly tarball no local data for @types/prop-types@https://registry.npmjs.org/@types/prop-types/-/prop-types-15.7.15.tgz. Extracting by manifest.
798 silly tarball no local data for undici-types@https://registry.npmjs.org/undici-types/-/undici-types-6.21.0.tgz. Extracting by manifest.
799 silly tarball no local data for typescript@https://registry.npmjs.org/typescript/-/typescript-5.9.3.tgz. Extracting by manifest.
800 silly tarball no local data for tailwindcss@https://registry.npmjs.org/tailwindcss/-/tailwindcss-3.4.18.tgz. Extracting by manifest.
801 silly tarball no local data for react-icons@https://registry.npmjs.org/react-icons/-/react-icons-4.12.0.tgz. Extracting by manifest.
802 silly tarball no local data for react-dom@https://registry.npmjs.org/react-dom/-/react-dom-18.3.1.tgz. Extracting by manifest.
803 silly tarball no local data for react@https://registry.npmjs.org/react/-/react-18.3.1.tgz. Extracting by manifest.
804 silly tarball no local data for postcss@https://registry.npmjs.org/postcss/-/postcss-8.4.31.tgz. Extracting by manifest.
805 silly tarball no local data for framer-motion@https://registry.npmjs.org/framer-motion/-/framer-motion-10.18.0.tgz. Extracting by manifest.
806 silly tarball no local data for next@https://registry.npmjs.org/next/-/next-14.2.33.tgz. Extracting by manifest.
807 silly tarball no local data for postcss@https://registry.npmjs.org/postcss/-/postcss-8.5.6.tgz. Extracting by manifest.
808 silly tarball no local data for @types/react@https://registry.npmjs.org/@types/react/-/react-18.3.27.tgz. Extracting by manifest.
809 silly tarball no local data for @types/react-dom@https://registry.npmjs.org/@types/react-dom/-/react-dom-18.3.7.tgz. Extracting by manifest.
810 silly tarball no local data for @types/node@https://registry.npmjs.org/@types/node/-/node-20.19.25.tgz. Extracting by manifest.
811 silly tarball no local data for autoprefixer@https://registry.npmjs.org/autoprefixer/-/autoprefixer-10.4.22.tgz. Extracting by manifest.
812 silly tarball no local data for @emailjs/browser@https://registry.npmjs.org/@emailjs/browser/-/browser-3.12.1.tgz. Extracting by manifest.
813 http fetch GET 200 https://registry.npmjs.org/any-promise/-/any-promise-1.3.0.tgz 75ms (cache miss)
814 http fetch GET 200 https://registry.npmjs.org/object-assign/-/object-assign-4.1.1.tgz 74ms (cache miss)
815 http fetch GET 200 https://registry.npmjs.org/thenify-all/-/thenify-all-1.6.0.tgz 76ms (cache miss)
816 http fetch GET 200 https://registry.npmjs.org/thenify/-/thenify-3.3.1.tgz 76ms (cache miss)
817 http fetch GET 200 https://registry.npmjs.org/is-number/-/is-number-7.0.0.tgz 76ms (cache miss)
818 http fetch GET 200 https://registry.npmjs.org/@jridgewell/resolve-uri/-/resolve-uri-3.1.2.tgz 75ms (cache miss)
819 http fetch GET 200 https://registry.npmjs.org/lines-and-columns/-/lines-and-columns-1.2.4.tgz 84ms (cache miss)
820 http fetch GET 200 https://registry.npmjs.org/mz/-/mz-2.7.0.tgz 93ms (cache miss)
821 http fetch GET 200 https://registry.npmjs.org/pirates/-/pirates-4.0.7.tgz 94ms (cache miss)
822 http fetch GET 200 https://registry.npmjs.org/hasown/-/hasown-2.0.2.tgz 101ms (cache miss)
823 http fetch GET 200 https://registry.npmjs.org/escalade/-/escalade-3.2.0.tgz 103ms (cache miss)
824 http fetch GET 200 https://registry.npmjs.org/queue-microtask/-/queue-microtask-1.2.3.tgz 107ms (cache miss)
825 http fetch GET 200 https://registry.npmjs.org/commander/-/commander-4.1.1.tgz 108ms (cache miss)
826 http fetch GET 200 https://registry.npmjs.org/fdir/-/fdir-6.5.0.tgz 108ms (cache miss)
827 http fetch GET 200 https://registry.npmjs.org/picomatch/-/picomatch-4.0.3.tgz 109ms (cache miss)
828 http fetch GET 200 https://registry.npmjs.org/supports-preserve-symlinks-flag/-/supports-preserve-symlinks-flag-1.0.0.tgz 114ms (cache miss)
829 http fetch GET 200 https://registry.npmjs.org/tinyglobby/-/tinyglobby-0.2.15.tgz 117ms (cache miss)
830 http fetch GET 200 https://registry.npmjs.org/function-bind/-/function-bind-1.1.2.tgz 117ms (cache miss)
831 http fetch GET 200 https://registry.npmjs.org/@jridgewell/trace-mapping/-/trace-mapping-0.3.31.tgz 123ms (cache miss)
832 http fetch GET 200 https://registry.npmjs.org/path-parse/-/path-parse-1.0.7.tgz 127ms (cache miss)
833 http fetch GET 200 https://registry.npmjs.org/@jridgewell/sourcemap-codec/-/sourcemap-codec-1.5.5.tgz 131ms (cache miss)
834 http fetch GET 200 https://registry.npmjs.org/cssesc/-/cssesc-3.0.0.tgz 149ms (cache miss)
835 http fetch GET 200 https://registry.npmjs.org/reusify/-/reusify-1.1.0.tgz 149ms (cache miss)
836 http fetch GET 200 https://registry.npmjs.org/camelcase-css/-/camelcase-css-2.0.1.tgz 150ms (cache miss)
837 http fetch GET 200 https://registry.npmjs.org/binary-extensions/-/binary-extensions-2.3.0.tgz 149ms (cache miss)
838 http fetch GET 200 https://registry.npmjs.org/util-deprecate/-/util-deprecate-1.0.2.tgz 151ms (cache miss)
839 http fetch GET 200 https://registry.npmjs.org/to-regex-range/-/to-regex-range-5.0.1.tgz 150ms (cache miss)
840 http fetch GET 200 https://registry.npmjs.org/is-core-module/-/is-core-module-2.16.1.tgz 151ms (cache miss)
841 http fetch GET 200 https://registry.npmjs.org/is-extglob/-/is-extglob-2.1.1.tgz 151ms (cache miss)
842 http fetch GET 200 https://registry.npmjs.org/read-cache/-/read-cache-1.0.0.tgz 158ms (cache miss)
843 http fetch GET 200 https://registry.npmjs.org/pify/-/pify-2.3.0.tgz 159ms (cache miss)
844 http fetch GET 200 https://registry.npmjs.org/fastq/-/fastq-1.19.1.tgz 159ms (cache miss)
845 http fetch GET 200 https://registry.npmjs.org/run-parallel/-/run-parallel-1.2.0.tgz 159ms (cache miss)
846 http fetch GET 200 https://registry.npmjs.org/merge2/-/merge2-1.4.1.tgz 168ms (cache miss)
847 http fetch GET 200 https://registry.npmjs.org/fsevents/-/fsevents-2.3.3.tgz 170ms (cache miss)
848 http fetch GET 200 https://registry.npmjs.org/is-binary-path/-/is-binary-path-2.1.0.tgz 175ms (cache miss)
849 http fetch GET 200 https://registry.npmjs.org/picomatch/-/picomatch-2.3.1.tgz 177ms (cache miss)
850 http fetch POST 200 https://registry.npmjs.org/-/npm/v1/security/advisories/bulk 203ms
851 silly audit report {}
852 http fetch GET 200 https://registry.npmjs.org/braces/-/braces-3.0.3.tgz 185ms (cache miss)
853 http fetch GET 200 https://registry.npmjs.org/postcss-selector-parser/-/postcss-selector-parser-6.1.2.tgz 193ms (cache miss)
854 http fetch GET 200 https://registry.npmjs.org/@nodelib/fs.stat/-/fs.stat-2.0.5.tgz 196ms (cache miss)
855 http fetch GET 200 https://registry.npmjs.org/@nodelib/fs.scandir/-/fs.scandir-2.1.5.tgz 203ms (cache miss)
856 http fetch GET 200 https://registry.npmjs.org/readdirp/-/readdirp-3.6.0.tgz 202ms (cache miss)
857 http fetch GET 200 https://registry.npmjs.org/@nodelib/fs.walk/-/fs.walk-1.2.8.tgz 205ms (cache miss)
858 http fetch GET 200 https://registry.npmjs.org/fill-range/-/fill-range-7.1.1.tgz 222ms (cache miss)
859 http fetch GET 200 https://registry.npmjs.org/postcss-nested/-/postcss-nested-6.2.0.tgz 228ms (cache miss)
860 http fetch GET 200 https://registry.npmjs.org/ts-interface-checker/-/ts-interface-checker-0.1.13.tgz 232ms (cache miss)
861 http fetch GET 200 https://registry.npmjs.org/anymatch/-/anymatch-3.1.3.tgz 228ms (cache miss)
862 http fetch GET 200 https://registry.npmjs.org/postcss-js/-/postcss-js-4.1.0.tgz 229ms (cache miss)
863 http fetch GET 200 https://registry.npmjs.org/object-hash/-/object-hash-3.0.0.tgz 231ms (cache miss)
864 http fetch GET 200 https://registry.npmjs.org/lilconfig/-/lilconfig-3.1.3.tgz 232ms (cache miss)
865 http fetch GET 200 https://registry.npmjs.org/postcss-load-config/-/postcss-load-config-6.0.1.tgz 233ms (cache miss)
866 http fetch GET 200 https://registry.npmjs.org/postcss-import/-/postcss-import-15.1.0.tgz 233ms (cache miss)
867 http fetch GET 200 https://registry.npmjs.org/@jridgewell/gen-mapping/-/gen-mapping-0.3.13.tgz 244ms (cache miss)
868 http fetch GET 200 https://registry.npmjs.org/glob-parent/-/glob-parent-5.1.2.tgz 240ms (cache miss)
869 http fetch GET 200 https://registry.npmjs.org/is-glob/-/is-glob-4.0.3.tgz 243ms (cache miss)
870 http fetch GET 200 https://registry.npmjs.org/glob-parent/-/glob-parent-5.1.2.tgz 243ms (cache miss)
871 http fetch GET 200 https://registry.npmjs.org/micromatch/-/micromatch-4.0.8.tgz 245ms (cache miss)
872 http fetch GET 200 https://registry.npmjs.org/arg/-/arg-5.0.2.tgz 245ms (cache miss)
873 http fetch GET 200 https://registry.npmjs.org/didyoumean/-/didyoumean-1.2.2.tgz 247ms (cache miss)
874 http fetch GET 200 https://registry.npmjs.org/dlv/-/dlv-1.1.3.tgz 248ms (cache miss)
875 http fetch GET 200 https://registry.npmjs.org/normalize-path/-/normalize-path-3.0.0.tgz 248ms (cache miss)
876 http fetch GET 200 https://registry.npmjs.org/glob-parent/-/glob-parent-6.0.2.tgz 248ms (cache miss)
877 http fetch GET 200 https://registry.npmjs.org/client-only/-/client-only-0.0.1.tgz 248ms (cache miss)
878 http fetch GET 200 https://registry.npmjs.org/scheduler/-/scheduler-0.23.2.tgz 254ms (cache miss)
879 http fetch GET 200 https://registry.npmjs.org/@alloc/quick-lru/-/quick-lru-5.2.0.tgz 268ms (cache miss)
880 http fetch GET 200 https://registry.npmjs.org/nanoid/-/nanoid-3.3.11.tgz 272ms (cache miss)
881 http fetch GET 200 https://registry.npmjs.org/loose-envify/-/loose-envify-1.4.0.tgz 277ms (cache miss)
882 http fetch GET 200 https://registry.npmjs.org/streamsearch/-/streamsearch-1.1.0.tgz 280ms (cache miss)
883 http fetch GET 200 https://registry.npmjs.org/graceful-fs/-/graceful-fs-4.2.11.tgz 284ms (cache miss)
884 http fetch GET 200 https://registry.npmjs.org/chokidar/-/chokidar-3.6.0.tgz 287ms (cache miss)
885 http fetch GET 200 https://registry.npmjs.org/js-tokens/-/js-tokens-4.0.0.tgz 288ms (cache miss)
886 http fetch GET 200 https://registry.npmjs.org/@swc/counter/-/counter-0.1.3.tgz 290ms (cache miss)
887 http fetch GET 200 https://registry.npmjs.org/source-map-js/-/source-map-js-1.2.1.tgz 301ms (cache miss)
888 http fetch GET 200 https://registry.npmjs.org/@emotion/is-prop-valid/-/is-prop-valid-0.8.8.tgz 311ms (cache miss)
889 http fetch GET 200 https://registry.npmjs.org/resolve/-/resolve-1.22.11.tgz 314ms (cache miss)
890 http fetch GET 200 https://registry.npmjs.org/node-releases/-/node-releases-2.0.27.tgz 314ms (cache miss)
891 http fetch GET 200 https://registry.npmjs.org/tslib/-/tslib-2.8.1.tgz 315ms (cache miss)
892 http fetch GET 200 https://registry.npmjs.org/@emotion/memoize/-/memoize-0.7.4.tgz 315ms (cache miss)
893 http fetch GET 200 https://registry.npmjs.org/postcss-value-parser/-/postcss-value-parser-4.2.0.tgz 320ms (cache miss)
894 http fetch GET 200 https://registry.npmjs.org/update-browserslist-db/-/update-browserslist-db-1.1.4.tgz 336ms (cache miss)
895 http fetch GET 200 https://registry.npmjs.org/fast-glob/-/fast-glob-3.3.3.tgz 345ms (cache miss)
896 http fetch GET 200 https://registry.npmjs.org/styled-jsx/-/styled-jsx-5.1.1.tgz 345ms (cache miss)
897 http fetch GET 200 https://registry.npmjs.org/picocolors/-/picocolors-1.1.1.tgz 344ms (cache miss)
898 http fetch GET 200 https://registry.npmjs.org/@next/env/-/env-14.2.33.tgz 346ms (cache miss)
899 http fetch GET 200 https://registry.npmjs.org/browserslist/-/browserslist-4.28.0.tgz 346ms (cache miss)
900 http fetch GET 200 https://registry.npmjs.org/baseline-browser-mapping/-/baseline-browser-mapping-2.8.32.tgz 349ms (cache miss)
901 http fetch GET 200 https://registry.npmjs.org/jiti/-/jiti-1.21.7.tgz 353ms (cache miss)
902 http fetch GET 200 https://registry.npmjs.org/normalize-range/-/normalize-range-0.1.2.tgz 351ms (cache miss)
903 http fetch GET 200 https://registry.npmjs.org/@types/prop-types/-/prop-types-15.7.15.tgz 351ms (cache miss)
904 http fetch GET 200 https://registry.npmjs.org/fraction.js/-/fraction.js-5.3.4.tgz 354ms (cache miss)
905 http fetch GET 200 https://registry.npmjs.org/sucrase/-/sucrase-3.35.1.tgz 365ms (cache miss)
906 http fetch GET 200 https://registry.npmjs.org/react/-/react-18.3.1.tgz 389ms (cache miss)
907 http fetch GET 200 https://registry.npmjs.org/postcss/-/postcss-8.5.6.tgz 409ms (cache miss)
908 http fetch GET 200 https://registry.npmjs.org/postcss/-/postcss-8.4.31.tgz 418ms (cache miss)
909 http fetch GET 200 https://registry.npmjs.org/@types/react-dom/-/react-dom-18.3.7.tgz 444ms (cache miss)
910 http fetch GET 200 https://registry.npmjs.org/@types/react/-/react-18.3.27.tgz 446ms (cache miss)
911 http fetch GET 200 https://registry.npmjs.org/@swc/helpers/-/helpers-0.5.5.tgz 506ms (cache miss)
912 http fetch GET 200 https://registry.npmjs.org/@types/node/-/node-20.19.25.tgz 517ms (cache miss)
913 http fetch GET 200 https://registry.npmjs.org/react-dom/-/react-dom-18.3.1.tgz 591ms (cache miss)
914 http fetch GET 200 https://registry.npmjs.org/busboy/-/busboy-1.6.0.tgz 615ms (cache miss)
915 http fetch GET 200 https://registry.npmjs.org/electron-to-chromium/-/electron-to-chromium-1.5.262.tgz 618ms (cache miss)
916 http fetch GET 200 https://registry.npmjs.org/undici-types/-/undici-types-6.21.0.tgz 633ms (cache miss)
917 http fetch GET 200 https://registry.npmjs.org/autoprefixer/-/autoprefixer-10.4.22.tgz 689ms (cache miss)
918 http fetch GET 200 https://registry.npmjs.org/csstype/-/csstype-3.2.3.tgz 692ms (cache miss)
919 http fetch GET 200 https://registry.npmjs.org/caniuse-lite/-/caniuse-lite-1.0.30001757.tgz 745ms (cache miss)
920 http fetch GET 200 https://registry.npmjs.org/framer-motion/-/framer-motion-10.18.0.tgz 748ms (cache miss)
921 http fetch GET 200 https://registry.npmjs.org/tailwindcss/-/tailwindcss-3.4.18.tgz 797ms (cache miss)
922 http fetch GET 200 https://registry.npmjs.org/typescript/-/typescript-5.9.3.tgz 967ms (cache miss)
923 http fetch GET 200 https://registry.npmjs.org/@emailjs/browser/-/browser-3.12.1.tgz 1028ms (cache miss)
924 http fetch GET 200 https://registry.npmjs.org/next/-/next-14.2.33.tgz 3025ms (cache miss)
925 http fetch GET 200 https://registry.npmjs.org/@next/swc-darwin-arm64/-/swc-darwin-arm64-14.2.33.tgz 4106ms (cache miss)
926 http fetch GET 200 https://registry.npmjs.org/react-icons/-/react-icons-4.12.0.tgz 4482ms (cache miss)
927 info run fsevents@2.3.3 install node_modules/fsevents node-gyp rebuild
928 info run fsevents@2.3.3 install { code: 1, signal: null }
929 verbose reify failed optional dependency /Users/okwor/Documents/Csv Viewer/node_modules/fsevents
930 silly reify mark deleted [ '/Users/okwor/Documents/Csv Viewer/node_modules/fsevents' ]
931 silly ADD node_modules/escalade
932 silly ADD node_modules/is-number
933 silly ADD node_modules/thenify
934 silly ADD node_modules/thenify-all
935 silly ADD node_modules/object-assign
936 silly ADD node_modules/any-promise
937 silly ADD node_modules/@jridgewell/resolve-uri
938 silly ADD node_modules/@jridgewell/trace-mapping
939 silly ADD node_modules/@jridgewell/sourcemap-codec
940 silly ADD node_modules/ts-interface-checker
941 silly ADD node_modules/tinyglobby
942 silly ADD node_modules/tinyglobby/node_modules/picomatch
943 silly ADD node_modules/tinyglobby/node_modules/fdir
944 silly ADD node_modules/pirates
945 silly ADD node_modules/mz
946 silly ADD node_modules/lines-and-columns
947 silly ADD node_modules/commander
948 silly ADD node_modules/@jridgewell/gen-mapping
949 silly ADD node_modules/queue-microtask
950 silly ADD node_modules/function-bind
951 silly ADD node_modules/hasown
952 silly ADD node_modules/supports-preserve-symlinks-flag
953 silly ADD node_modules/path-parse
954 silly ADD node_modules/is-core-module
955 silly ADD node_modules/pify
956 silly ADD node_modules/util-deprecate
957 silly ADD node_modules/cssesc
958 silly ADD node_modules/camelcase-css
959 silly ADD node_modules/read-cache
960 silly ADD node_modules/is-extglob
961 silly ADD node_modules/binary-extensions
962 silly ADD node_modules/to-regex-range
963 silly ADD node_modules/reusify
964 silly ADD node_modules/run-parallel
965 silly ADD node_modules/fastq
966 silly ADD node_modules/@nodelib/fs.scandir
967 silly ADD node_modules/merge2
968 silly ADD node_modules/@nodelib/fs.walk
969 silly ADD node_modules/@nodelib/fs.stat
970 silly ADD node_modules/fill-range
971 silly ADD node_modules/picomatch
972 silly ADD node_modules/readdirp
973 silly ADD node_modules/is-binary-path
974 silly ADD
975 silly ADD node_modules/braces
976 silly ADD node_modules/anymatch
977 silly ADD node_modules/sucrase
978 silly ADD node_modules/resolve
979 silly ADD node_modules/postcss-selector-parser
980 silly ADD node_modules/postcss-nested
981 silly ADD node_modules/postcss-load-config
982 silly ADD node_modules/postcss-js
983 silly ADD node_modules/postcss-import
984 silly ADD node_modules/object-hash
985 silly ADD node_modules/normalize-path
986 silly ADD node_modules/micromatch
987 silly ADD node_modules/lilconfig
988 silly ADD node_modules/jiti
989 silly ADD node_modules/is-glob
990 silly ADD node_modules/glob-parent
991 silly ADD node_modules/fast-glob
992 silly ADD node_modules/fast-glob/node_modules/glob-parent
993 silly ADD node_modules/dlv
994 silly ADD node_modules/didyoumean
995 silly ADD node_modules/chokidar
996 silly ADD node_modules/chokidar/node_modules/glob-parent
997 silly ADD node_modules/arg
998 silly ADD node_modules/@alloc/quick-lru
999 silly ADD node_modules/client-only
1000 silly ADD node_modules/scheduler
1001 silly ADD node_modules/js-tokens
1002 silly ADD node_modules/loose-envify
1003 silly ADD node_modules/source-map-js
1004 silly ADD node_modules/nanoid
1005 silly ADD node_modules/streamsearch
1006 silly ADD node_modules/@swc/counter
1007 silly ADD node_modules/styled-jsx
1008 silly ADD node_modules/graceful-fs
1009 silly ADD node_modules/busboy
1010 silly ADD node_modules/@swc/helpers
1011 silly ADD
1012 silly ADD
1013 silly ADD
1014 silly ADD
1015 silly ADD
1016 silly ADD
1017 silly ADD
1018 silly ADD
1019 silly ADD node_modules/@next/swc-darwin-arm64
1020 silly ADD node_modules/@next/env
1021 silly ADD node_modules/@emotion/memoize
1022 silly ADD node_modules/tslib
1023 silly ADD node_modules/@emotion/is-prop-valid
1024 silly ADD node_modules/update-browserslist-db
1025 silly ADD node_modules/node-releases
1026 silly ADD node_modules/electron-to-chromium
1027 silly ADD node_modules/baseline-browser-mapping
1028 silly ADD node_modules/postcss-value-parser
1029 silly ADD node_modules/picocolors
1030 silly ADD node_modules/normalize-range
1031 silly ADD node_modules/fraction.js
1032 silly ADD node_modules/caniuse-lite
1033 silly ADD node_modules/browserslist
1034 silly ADD node_modules/csstype
1035 silly ADD node_modules/@types/prop-types
1036 silly ADD node_modules/undici-types
1037 silly ADD node_modules/typescript
1038 silly ADD node_modules/tailwindcss
1039 silly ADD node_modules/react-icons
1040 silly ADD node_modules/react-dom
1041 silly ADD node_modules/react
1042 silly ADD node_modules/next
1043 silly ADD node_modules/next/node_modules/postcss
1044 silly ADD node_modules/framer-motion
1045 silly ADD node_modules/postcss
1046 silly ADD node_modules/autoprefixer
1047 silly ADD node_modules/@types/react-dom
1048 silly ADD node_modules/@types/react
1049 silly ADD node_modules/@types/node
1050 silly ADD node_modules/@emailjs/browser
1051 verbose cwd /Users/okwor/Documents/Csv Viewer
1052 verbose os Darwin 24.1.0
1053 verbose node v22.11.0
1054 verbose npm  v10.9.0
1055 notice
1055 notice New major version of npm available! 10.9.0 -> 11.6.4
1055 notice Changelog: https://github.com/npm/cli/releases/tag/v11.6.4
1055 notice To update run: npm install -g npm@11.6.4
1055 notice  { force: true, [Symbol(proc-log.meta)]: true }
1056 verbose exit 0
1057 info ok
